Connecting to database specified by database.yml


Started GET "/" for 127.0.0.1 at 2014-01-12 20:49:44 -0500
Connecting to database specified by database.yml

PG::ConnectionBad (FATAL:  database "odgp_development" does not exist
):
  activerecord (3.2.16) lib/active_record/connection_adapters/postgresql_adapter.rb:1222:in `initialize'
  activerecord (3.2.16) lib/active_record/connection_adapters/postgresql_adapter.rb:1222:in `new'
  activerecord (3.2.16) lib/active_record/connection_adapters/postgresql_adapter.rb:1222:in `connect'
  activerecord (3.2.16) lib/active_record/connection_adapters/postgresql_adapter.rb:324:in `initialize'
  activerecord (3.2.16) lib/active_record/connection_adapters/postgresql_adapter.rb:28:in `new'
  activerecord (3.2.16) lib/active_record/connection_adapters/postgresql_adapter.rb:28:in `postgresql_connection'
  activerecord (3.2.16) lib/active_record/connection_adapters/abstract/connection_pool.rb:315:in `new_connection'
  activerecord (3.2.16) lib/active_record/connection_adapters/abstract/connection_pool.rb:325:in `checkout_new_connection'
  activerecord (3.2.16) lib/active_record/connection_adapters/abstract/connection_pool.rb:247:in `block (2 levels) in checkout'
  activerecord (3.2.16) lib/active_record/connection_adapters/abstract/connection_pool.rb:242:in `loop'
  activerecord (3.2.16) lib/active_record/connection_adapters/abstract/connection_pool.rb:242:in `block in checkout'
  /usr/local/rvm/rubies/ruby-2.0.0-p353/lib/ruby/2.0.0/monitor.rb:211:in `mon_synchronize'
  activerecord (3.2.16) lib/active_record/connection_adapters/abstract/connection_pool.rb:239:in `checkout'
  activerecord (3.2.16) lib/active_record/connection_adapters/abstract/connection_pool.rb:102:in `block in connection'
  /usr/local/rvm/rubies/ruby-2.0.0-p353/lib/ruby/2.0.0/monitor.rb:211:in `mon_synchronize'
  activerecord (3.2.16) lib/active_record/connection_adapters/abstract/connection_pool.rb:101:in `connection'
  activerecord (3.2.16) lib/active_record/connection_adapters/abstract/connection_pool.rb:410:in `retrieve_connection'
  activerecord (3.2.16) lib/active_record/connection_adapters/abstract/connection_specification.rb:171:in `retrieve_connection'
  activerecord (3.2.16) lib/active_record/connection_adapters/abstract/connection_specification.rb:145:in `connection'
  activerecord (3.2.16) lib/active_record/query_cache.rb:67:in `rescue in call'
  activerecord (3.2.16) lib/active_record/query_cache.rb:61:in `call'
  activerecord (3.2.16) lib/active_record/connection_adapters/abstract/connection_pool.rb:479:in `call'
  actionpack (3.2.16) lib/action_dispatch/middleware/callbacks.rb:28:in `block in call'
  activesupport (3.2.16) lib/active_support/callbacks.rb:405:in `_run__99532083614900635__call__2502753506386726462__callbacks'
  activesupport (3.2.16) lib/active_support/callbacks.rb:405:in `__run_callback'
  activesupport (3.2.16) lib/active_support/callbacks.rb:385:in `_run_call_callbacks'
  activesupport (3.2.16) lib/active_support/callbacks.rb:81:in `run_callbacks'
  actionpack (3.2.16) lib/action_dispatch/middleware/callbacks.rb:27:in `call'
  actionpack (3.2.16) lib/action_dispatch/middleware/reloader.rb:65:in `call'
  actionpack (3.2.16) lib/action_dispatch/middleware/remote_ip.rb:31:in `call'
  actionpack (3.2.16) lib/action_dispatch/middleware/debug_exceptions.rb:16:in `call'
  actionpack (3.2.16) lib/action_dispatch/middleware/show_exceptions.rb:56:in `call'
  railties (3.2.16) lib/rails/rack/logger.rb:32:in `call_app'
  railties (3.2.16) lib/rails/rack/logger.rb:16:in `block in call'
  activesupport (3.2.16) lib/active_support/tagged_logging.rb:22:in `tagged'
  railties (3.2.16) lib/rails/rack/logger.rb:16:in `call'
  actionpack (3.2.16) lib/action_dispatch/middleware/request_id.rb:22:in `call'
  rack (1.4.5) lib/rack/methodoverride.rb:21:in `call'
  rack (1.4.5) lib/rack/runtime.rb:17:in `call'
  activesupport (3.2.16) lib/active_support/cache/strategy/local_cache.rb:72:in `call'
  rack (1.4.5) lib/rack/lock.rb:15:in `call'
  actionpack (3.2.16) lib/action_dispatch/middleware/static.rb:63:in `call'
  railties (3.2.16) lib/rails/engine.rb:484:in `call'
  railties (3.2.16) lib/rails/application.rb:231:in `call'
  rack (1.4.5) lib/rack/content_length.rb:14:in `call'
  railties (3.2.16) lib/rails/rack/log_tailer.rb:17:in `call'
  rack (1.4.5) lib/rack/handler/webrick.rb:59:in `service'
  /usr/local/rvm/rubies/ruby-2.0.0-p353/lib/ruby/2.0.0/webrick/httpserver.rb:138:in `service'
  /usr/local/rvm/rubies/ruby-2.0.0-p353/lib/ruby/2.0.0/webrick/httpserver.rb:94:in `run'
  /usr/local/rvm/rubies/ruby-2.0.0-p353/lib/ruby/2.0.0/webrick/server.rb:295:in `block in start_thread'


  Rendered /usr/local/rvm/gems/ruby-2.0.0-p353@wdi-block/gems/actionpack-3.2.16/lib/action_dispatch/middleware/templates/rescues/_trace.erb (1.5ms)
  Rendered /usr/local/rvm/gems/ruby-2.0.0-p353@wdi-block/gems/actionpack-3.2.16/lib/action_dispatch/middleware/templates/rescues/_request_and_response.erb (3.5ms)
  Rendered /usr/local/rvm/gems/ruby-2.0.0-p353@wdi-block/gems/actionpack-3.2.16/lib/action_dispatch/middleware/templates/rescues/diagnostics.erb within rescues/layout (14.3ms)
Connecting to database specified by database.yml
  [1m[36m (30.1ms)[0m  [1mCREATE TABLE "schema_migrations" ("version" character varying(255) NOT NULL) [0m
  [1m[35m (7.9ms)[0m  CREATE UNIQUE INDEX "unique_schema_migrations" ON "schema_migrations" ("version")
  [1m[36m (0.8ms)[0m  [1mSELECT "schema_migrations"."version" FROM "schema_migrations" [0m
Migrating to CreatePasses (20140113003456)
  [1m[35m (0.1ms)[0m  BEGIN
  [1m[36m (15.0ms)[0m  [1mCREATE TABLE "passes" ("id" serial primary key, "user_id" integer, "gym_id" integer, "redemption_code" integer, "timestamps" character varying(255), "created_at" timestamp NOT NULL, "updated_at" timestamp NOT NULL) [0m
  [1m[35m (1.7ms)[0m  INSERT INTO "schema_migrations" ("version") VALUES ('20140113003456')
  [1m[36m (0.8ms)[0m  [1mCOMMIT[0m
  [1m[35m (0.3ms)[0m  SELECT "schema_migrations"."version" FROM "schema_migrations" 
Connecting to database specified by database.yml
  [1m[36m (0.5ms)[0m  [1mSELECT "schema_migrations"."version" FROM "schema_migrations" [0m
  [1m[35m (120.2ms)[0m  DROP DATABASE IF EXISTS "odgp_test"
  [1m[36m (250.3ms)[0m  [1mCREATE DATABASE "odgp_test" ENCODING = 'unicode'[0m
  [1m[35m (10.9ms)[0m  CREATE TABLE "passes" ("id" serial primary key, "user_id" integer, "gym_id" integer, "redemption_code" integer, "timestamps" character varying(255), "created_at" timestamp NOT NULL, "updated_at" timestamp NOT NULL) 
  [1m[36m (1.8ms)[0m  [1mCREATE TABLE "schema_migrations" ("version" character varying(255) NOT NULL) [0m
  [1m[35m (1.8ms)[0m  CREATE UNIQUE INDEX "unique_schema_migrations" ON "schema_migrations" ("version")
  [1m[36m (0.6ms)[0m  [1mSELECT version FROM "schema_migrations"[0m
  [1m[35m (0.7ms)[0m  INSERT INTO "schema_migrations" (version) VALUES ('20140113003456')


Started GET "/" for 127.0.0.1 at 2014-01-12 20:51:41 -0500
Connecting to database specified by database.yml

SyntaxError (/Users/nhindman/Documents/ga_wdi/WDI_NYC_Lambda/w05/Nate_Hindman/odgp/app/controllers/passes_controller.rb:15: syntax error, unexpected end-of-input, expecting keyword_end):
  activesupport (3.2.16) lib/active_support/dependencies.rb:469:in `load'
  activesupport (3.2.16) lib/active_support/dependencies.rb:469:in `block in load_file'
  activesupport (3.2.16) lib/active_support/dependencies.rb:639:in `new_constants_in'
  activesupport (3.2.16) lib/active_support/dependencies.rb:468:in `load_file'
  activesupport (3.2.16) lib/active_support/dependencies.rb:353:in `require_or_load'
  activesupport (3.2.16) lib/active_support/dependencies.rb:502:in `load_missing_constant'
  activesupport (3.2.16) lib/active_support/dependencies.rb:192:in `block in const_missing'
  activesupport (3.2.16) lib/active_support/dependencies.rb:190:in `each'
  activesupport (3.2.16) lib/active_support/dependencies.rb:190:in `const_missing'
  activesupport (3.2.16) lib/active_support/inflector/methods.rb:230:in `block in constantize'
  activesupport (3.2.16) lib/active_support/inflector/methods.rb:229:in `each'
  activesupport (3.2.16) lib/active_support/inflector/methods.rb:229:in `constantize'
  activesupport (3.2.16) lib/active_support/dependencies.rb:554:in `get'
  actionpack (3.2.16) lib/action_dispatch/routing/route_set.rb:69:in `controller_reference'
  actionpack (3.2.16) lib/action_dispatch/routing/route_set.rb:54:in `controller'
  actionpack (3.2.16) lib/action_dispatch/routing/route_set.rb:32:in `call'
  journey (1.0.4) lib/journey/router.rb:68:in `block in call'
  journey (1.0.4) lib/journey/router.rb:56:in `each'
  journey (1.0.4) lib/journey/router.rb:56:in `call'
  actionpack (3.2.16) lib/action_dispatch/routing/route_set.rb:608:in `call'
  actionpack (3.2.16) lib/action_dispatch/middleware/best_standards_support.rb:17:in `call'
  rack (1.4.5) lib/rack/etag.rb:23:in `call'
  rack (1.4.5) lib/rack/conditionalget.rb:25:in `call'
  actionpack (3.2.16) lib/action_dispatch/middleware/head.rb:14:in `call'
  actionpack (3.2.16) lib/action_dispatch/middleware/params_parser.rb:21:in `call'
  actionpack (3.2.16) lib/action_dispatch/middleware/flash.rb:242:in `call'
  rack (1.4.5) lib/rack/session/abstract/id.rb:210:in `context'
  rack (1.4.5) lib/rack/session/abstract/id.rb:205:in `call'
  actionpack (3.2.16) lib/action_dispatch/middleware/cookies.rb:341:in `call'
  activerecord (3.2.16) lib/active_record/query_cache.rb:64:in `call'
  activerecord (3.2.16) lib/active_record/connection_adapters/abstract/connection_pool.rb:479:in `call'
  actionpack (3.2.16) lib/action_dispatch/middleware/callbacks.rb:28:in `block in call'
  activesupport (3.2.16) lib/active_support/callbacks.rb:405:in `_run__2676876636541720254__call__3844306631772612045__callbacks'
  activesupport (3.2.16) lib/active_support/callbacks.rb:405:in `__run_callback'
  activesupport (3.2.16) lib/active_support/callbacks.rb:385:in `_run_call_callbacks'
  activesupport (3.2.16) lib/active_support/callbacks.rb:81:in `run_callbacks'
  actionpack (3.2.16) lib/action_dispatch/middleware/callbacks.rb:27:in `call'
  actionpack (3.2.16) lib/action_dispatch/middleware/reloader.rb:65:in `call'
  actionpack (3.2.16) lib/action_dispatch/middleware/remote_ip.rb:31:in `call'
  actionpack (3.2.16) lib/action_dispatch/middleware/debug_exceptions.rb:16:in `call'
  actionpack (3.2.16) lib/action_dispatch/middleware/show_exceptions.rb:56:in `call'
  railties (3.2.16) lib/rails/rack/logger.rb:32:in `call_app'
  railties (3.2.16) lib/rails/rack/logger.rb:16:in `block in call'
  activesupport (3.2.16) lib/active_support/tagged_logging.rb:22:in `tagged'
  railties (3.2.16) lib/rails/rack/logger.rb:16:in `call'
  actionpack (3.2.16) lib/action_dispatch/middleware/request_id.rb:22:in `call'
  rack (1.4.5) lib/rack/methodoverride.rb:21:in `call'
  rack (1.4.5) lib/rack/runtime.rb:17:in `call'
  activesupport (3.2.16) lib/active_support/cache/strategy/local_cache.rb:72:in `call'
  rack (1.4.5) lib/rack/lock.rb:15:in `call'
  actionpack (3.2.16) lib/action_dispatch/middleware/static.rb:63:in `call'
  railties (3.2.16) lib/rails/engine.rb:484:in `call'
  railties (3.2.16) lib/rails/application.rb:231:in `call'
  rack (1.4.5) lib/rack/content_length.rb:14:in `call'
  railties (3.2.16) lib/rails/rack/log_tailer.rb:17:in `call'
  rack (1.4.5) lib/rack/handler/webrick.rb:59:in `service'
  /usr/local/rvm/rubies/ruby-2.0.0-p353/lib/ruby/2.0.0/webrick/httpserver.rb:138:in `service'
  /usr/local/rvm/rubies/ruby-2.0.0-p353/lib/ruby/2.0.0/webrick/httpserver.rb:94:in `run'
  /usr/local/rvm/rubies/ruby-2.0.0-p353/lib/ruby/2.0.0/webrick/server.rb:295:in `block in start_thread'


  Rendered /usr/local/rvm/gems/ruby-2.0.0-p353@wdi-block/gems/actionpack-3.2.16/lib/action_dispatch/middleware/templates/rescues/_trace.erb (1.1ms)
  Rendered /usr/local/rvm/gems/ruby-2.0.0-p353@wdi-block/gems/actionpack-3.2.16/lib/action_dispatch/middleware/templates/rescues/_request_and_response.erb (2.3ms)
  Rendered /usr/local/rvm/gems/ruby-2.0.0-p353@wdi-block/gems/actionpack-3.2.16/lib/action_dispatch/middleware/templates/rescues/diagnostics.erb within rescues/layout (12.8ms)


Started GET "/" for 127.0.0.1 at 2014-01-12 20:52:10 -0500
Connecting to database specified by database.yml
Processing by PassesController#index as HTML
Redirected to http://localhost:3000/
Completed 302 Found in 1155.6ms (ActiveRecord: 0.0ms)


Started GET "/" for 127.0.0.1 at 2014-01-12 20:52:11 -0500
Processing by PassesController#index as HTML
Redirected to http://localhost:3000/
Completed 302 Found in 511.1ms (ActiveRecord: 0.0ms)


Started GET "/" for 127.0.0.1 at 2014-01-12 20:52:12 -0500
Processing by PassesController#index as HTML
Redirected to http://localhost:3000/
Completed 302 Found in 404.8ms (ActiveRecord: 0.0ms)


Started GET "/" for 127.0.0.1 at 2014-01-12 20:52:12 -0500
Processing by PassesController#index as HTML
Redirected to http://localhost:3000/
Completed 302 Found in 803.5ms (ActiveRecord: 0.0ms)


Started GET "/" for 127.0.0.1 at 2014-01-12 20:52:13 -0500
Processing by PassesController#index as HTML
Redirected to http://localhost:3000/
Completed 302 Found in 502.8ms (ActiveRecord: 0.0ms)


Started GET "/" for 127.0.0.1 at 2014-01-12 20:52:13 -0500
Processing by PassesController#index as HTML
Redirected to http://localhost:3000/
Completed 302 Found in 405.2ms (ActiveRecord: 0.0ms)


Started GET "/" for 127.0.0.1 at 2014-01-12 20:52:14 -0500
Processing by PassesController#index as HTML
Redirected to http://localhost:3000/
Completed 302 Found in 532.5ms (ActiveRecord: 0.0ms)


Started GET "/" for 127.0.0.1 at 2014-01-12 20:52:14 -0500
Processing by PassesController#index as HTML
Redirected to http://localhost:3000/
Completed 302 Found in 420.3ms (ActiveRecord: 0.0ms)


Started GET "/" for 127.0.0.1 at 2014-01-12 20:52:15 -0500
Processing by PassesController#index as HTML
Redirected to http://localhost:3000/
Completed 302 Found in 410.6ms (ActiveRecord: 0.0ms)


Started GET "/" for 127.0.0.1 at 2014-01-12 20:52:15 -0500
Processing by PassesController#index as HTML
Redirected to http://localhost:3000/
Completed 302 Found in 1644.6ms (ActiveRecord: 0.0ms)


Started GET "/" for 127.0.0.1 at 2014-01-12 20:52:17 -0500
Processing by PassesController#index as HTML
Redirected to http://localhost:3000/
Completed 302 Found in 428.4ms (ActiveRecord: 0.0ms)


Started GET "/" for 127.0.0.1 at 2014-01-12 20:52:17 -0500
Processing by PassesController#index as HTML
Redirected to http://localhost:3000/
Completed 302 Found in 451.8ms (ActiveRecord: 0.0ms)


Started GET "/" for 127.0.0.1 at 2014-01-12 20:52:18 -0500
Processing by PassesController#index as HTML
Redirected to http://localhost:3000/
Completed 302 Found in 446.0ms (ActiveRecord: 0.0ms)


Started GET "/" for 127.0.0.1 at 2014-01-12 20:52:18 -0500
Processing by PassesController#index as HTML
Redirected to http://localhost:3000/
Completed 302 Found in 412.1ms (ActiveRecord: 0.0ms)


Started GET "/" for 127.0.0.1 at 2014-01-12 20:52:19 -0500
Processing by PassesController#index as HTML
Redirected to http://localhost:3000/
Completed 302 Found in 411.1ms (ActiveRecord: 0.0ms)


Started GET "/" for 127.0.0.1 at 2014-01-12 20:52:19 -0500
Processing by PassesController#index as HTML
Redirected to http://localhost:3000/
Completed 302 Found in 340.7ms (ActiveRecord: 0.0ms)


Started GET "/" for 127.0.0.1 at 2014-01-12 20:52:19 -0500
Processing by PassesController#index as HTML
Redirected to http://localhost:3000/
Completed 302 Found in 453.6ms (ActiveRecord: 0.0ms)


Started GET "/" for 127.0.0.1 at 2014-01-12 20:52:20 -0500
Processing by PassesController#index as HTML
Redirected to http://localhost:3000/
Completed 302 Found in 402.9ms (ActiveRecord: 0.0ms)


Started GET "/" for 127.0.0.1 at 2014-01-12 20:52:20 -0500
Processing by PassesController#index as HTML
Redirected to http://localhost:3000/
Completed 302 Found in 350.8ms (ActiveRecord: 0.0ms)


Started GET "/" for 127.0.0.1 at 2014-01-12 20:52:21 -0500
Processing by PassesController#index as HTML
Redirected to http://localhost:3000/
Completed 302 Found in 464.0ms (ActiveRecord: 0.0ms)


Started GET "/" for 127.0.0.1 at 2014-01-12 20:52:21 -0500
Processing by PassesController#index as HTML
Redirected to http://localhost:3000/
Completed 302 Found in 402.9ms (ActiveRecord: 0.0ms)


Started GET "/" for 127.0.0.1 at 2014-01-12 20:52:56 -0500
Connecting to database specified by database.yml
Processing by PassesController#index as HTML
  Rendered passes/index.html.erb within layouts/application (1.9ms)
Compiled application.css  (0ms)  (pid 9562)
Compiled jquery.js  (4ms)  (pid 9562)
Compiled jquery_ujs.js  (0ms)  (pid 9562)
Compiled application.js  (52ms)  (pid 9562)
Completed 200 OK in 948.1ms (Views: 94.1ms | ActiveRecord: 0.0ms)


Started GET "/assets/application.css?body=1" for 127.0.0.1 at 2014-01-12 20:52:57 -0500
Served asset /application.css - 200 OK (3ms)


Started GET "/assets/application.js?body=1" for 127.0.0.1 at 2014-01-12 20:52:57 -0500
Served asset /application.js - 200 OK (39ms)


Started GET "/assets/jquery_ujs.js?body=1" for 127.0.0.1 at 2014-01-12 20:52:57 -0500
Served asset /jquery_ujs.js - 200 OK (1ms)


Started GET "/assets/jquery.js?body=1" for 127.0.0.1 at 2014-01-12 20:52:57 -0500
Served asset /jquery.js - 200 OK (1ms)


Started GET "/new" for 127.0.0.1 at 2014-01-12 20:53:09 -0500

ActionController::RoutingError (No route matches [GET] "/new"):
  actionpack (3.2.16) lib/action_dispatch/middleware/debug_exceptions.rb:21:in `call'
  actionpack (3.2.16) lib/action_dispatch/middleware/show_exceptions.rb:56:in `call'
  railties (3.2.16) lib/rails/rack/logger.rb:32:in `call_app'
  railties (3.2.16) lib/rails/rack/logger.rb:16:in `block in call'
  activesupport (3.2.16) lib/active_support/tagged_logging.rb:22:in `tagged'
  railties (3.2.16) lib/rails/rack/logger.rb:16:in `call'
  actionpack (3.2.16) lib/action_dispatch/middleware/request_id.rb:22:in `call'
  rack (1.4.5) lib/rack/methodoverride.rb:21:in `call'
  rack (1.4.5) lib/rack/runtime.rb:17:in `call'
  activesupport (3.2.16) lib/active_support/cache/strategy/local_cache.rb:72:in `call'
  rack (1.4.5) lib/rack/lock.rb:15:in `call'
  actionpack (3.2.16) lib/action_dispatch/middleware/static.rb:63:in `call'
  railties (3.2.16) lib/rails/engine.rb:484:in `call'
  railties (3.2.16) lib/rails/application.rb:231:in `call'
  rack (1.4.5) lib/rack/content_length.rb:14:in `call'
  railties (3.2.16) lib/rails/rack/log_tailer.rb:17:in `call'
  rack (1.4.5) lib/rack/handler/webrick.rb:59:in `service'
  /usr/local/rvm/rubies/ruby-2.0.0-p353/lib/ruby/2.0.0/webrick/httpserver.rb:138:in `service'
  /usr/local/rvm/rubies/ruby-2.0.0-p353/lib/ruby/2.0.0/webrick/httpserver.rb:94:in `run'
  /usr/local/rvm/rubies/ruby-2.0.0-p353/lib/ruby/2.0.0/webrick/server.rb:295:in `block in start_thread'


  Rendered /usr/local/rvm/gems/ruby-2.0.0-p353@wdi-block/gems/actionpack-3.2.16/lib/action_dispatch/middleware/templates/rescues/routing_error.erb within rescues/layout (0.8ms)
Connecting to database specified by database.yml


Started GET "/" for 127.0.0.1 at 2014-01-12 20:54:16 -0500
Connecting to database specified by database.yml
Processing by PassesController#index as HTML
  Rendered passes/index.html.erb within layouts/application (2.0ms)
Completed 200 OK in 846.5ms (Views: 60.8ms | ActiveRecord: 0.0ms)


Started GET "/assets/jquery_ujs.js?body=1" for 127.0.0.1 at 2014-01-12 20:54:17 -0500
Served asset /jquery_ujs.js - 304 Not Modified (2ms)


Started GET "/assets/jquery.js?body=1" for 127.0.0.1 at 2014-01-12 20:54:17 -0500
Served asset /jquery.js - 304 Not Modified (3ms)


Started GET "/assets/application.css?body=1" for 127.0.0.1 at 2014-01-12 20:54:17 -0500
Served asset /application.css - 304 Not Modified (2ms)


Started GET "/assets/application.js?body=1" for 127.0.0.1 at 2014-01-12 20:54:17 -0500
Served asset /application.js - 304 Not Modified (5ms)


Started GET "/passes/new" for 127.0.0.1 at 2014-01-12 20:54:22 -0500
Processing by PassesController#new as HTML
  Rendered passes/new.html.erb within layouts/application (0.9ms)
Completed 200 OK in 5.7ms (Views: 5.2ms | ActiveRecord: 0.0ms)


Started GET "/assets/jquery.js?body=1" for 127.0.0.1 at 2014-01-12 20:54:22 -0500
Served asset /jquery.js - 304 Not Modified (0ms)


Started GET "/assets/application.css?body=1" for 127.0.0.1 at 2014-01-12 20:54:22 -0500
Served asset /application.css - 304 Not Modified (0ms)


Started GET "/assets/jquery_ujs.js?body=1" for 127.0.0.1 at 2014-01-12 20:54:22 -0500
Served asset /jquery_ujs.js - 304 Not Modified (0ms)


Started GET "/assets/application.js?body=1" for 127.0.0.1 at 2014-01-12 20:54:22 -0500
Served asset /application.js - 304 Not Modified (0ms)


Started GET "/passes/new?user_input_address=122+west+26th+street%2C+new+york%2C+ny" for 127.0.0.1 at 2014-01-12 20:54:39 -0500
Processing by PassesController#new as HTML
  Parameters: {"user_input_address"=>"122 west 26th street, new york, ny"}
  Rendered passes/new.html.erb within layouts/application (0.3ms)
Completed 200 OK in 4.4ms (Views: 4.2ms | ActiveRecord: 0.0ms)


Started GET "/assets/application.css?body=1" for 127.0.0.1 at 2014-01-12 20:54:39 -0500
Served asset /application.css - 304 Not Modified (0ms)


Started GET "/assets/application.js?body=1" for 127.0.0.1 at 2014-01-12 20:54:39 -0500
Served asset /application.js - 304 Not Modified (0ms)


Started GET "/assets/jquery.js?body=1" for 127.0.0.1 at 2014-01-12 20:54:39 -0500
Served asset /jquery.js - 304 Not Modified (0ms)


Started GET "/assets/jquery_ujs.js?body=1" for 127.0.0.1 at 2014-01-12 20:54:39 -0500
Served asset /jquery_ujs.js - 304 Not Modified (0ms)


Started GET "/passes/new?user_input_address=122+west+26th+street%2C+new+york%2C+ny" for 127.0.0.1 at 2014-01-12 20:55:41 -0500
Connecting to database specified by database.yml
Processing by PassesController#new as HTML
  Parameters: {"user_input_address"=>"122 west 26th street, new york, ny"}
Redirected to http://localhost:3000/
Completed 302 Found in 1.5ms (ActiveRecord: 0.0ms)


Started GET "/" for 127.0.0.1 at 2014-01-12 20:55:41 -0500
Processing by PassesController#index as HTML
  Rendered passes/index.html.erb within layouts/application (1.4ms)
Completed 200 OK in 3644.2ms (Views: 17.4ms | ActiveRecord: 0.0ms)


Started GET "/assets/application.css?body=1" for 127.0.0.1 at 2014-01-12 20:55:45 -0500
Served asset /application.css - 304 Not Modified (4ms)


Started GET "/assets/jquery.js?body=1" for 127.0.0.1 at 2014-01-12 20:55:45 -0500
Served asset /jquery.js - 304 Not Modified (1ms)


Started GET "/assets/jquery_ujs.js?body=1" for 127.0.0.1 at 2014-01-12 20:55:45 -0500
Served asset /jquery_ujs.js - 304 Not Modified (1ms)


Started GET "/assets/application.js?body=1" for 127.0.0.1 at 2014-01-12 20:55:45 -0500
Served asset /application.js - 304 Not Modified (4ms)


Started GET "/passes/new?user_input_address=345+buckminster+road%2C+brookline%2C+ma" for 127.0.0.1 at 2014-01-12 20:56:10 -0500
Processing by PassesController#new as HTML
  Parameters: {"user_input_address"=>"345 buckminster road, brookline, ma"}
Redirected to http://localhost:3000/
Completed 302 Found in 0.7ms (ActiveRecord: 0.0ms)


Started GET "/" for 127.0.0.1 at 2014-01-12 20:56:10 -0500
Processing by PassesController#index as HTML
  Rendered passes/index.html.erb within layouts/application (0.2ms)
Completed 200 OK in 455.7ms (Views: 3.8ms | ActiveRecord: 0.0ms)


Started GET "/assets/application.css?body=1" for 127.0.0.1 at 2014-01-12 20:56:10 -0500
Served asset /application.css - 304 Not Modified (0ms)


Started GET "/assets/jquery_ujs.js?body=1" for 127.0.0.1 at 2014-01-12 20:56:10 -0500
Served asset /jquery_ujs.js - 304 Not Modified (0ms)


Started GET "/assets/application.js?body=1" for 127.0.0.1 at 2014-01-12 20:56:10 -0500
Served asset /application.js - 304 Not Modified (0ms)


Started GET "/assets/jquery.js?body=1" for 127.0.0.1 at 2014-01-12 20:56:10 -0500
Served asset /jquery.js - 304 Not Modified (0ms)


Started GET "/passes/new" for 127.0.0.1 at 2014-01-12 20:57:08 -0500
Connecting to database specified by database.yml
Processing by PassesController#new as HTML
Redirected to http://localhost:3000/
Completed 302 Found in 0.8ms (ActiveRecord: 0.0ms)


Started GET "/" for 127.0.0.1 at 2014-01-12 20:57:08 -0500
Processing by PassesController#index as HTML
Completed 500 Internal Server Error in 68.5ms

NoMethodError (undefined method `[]' for nil:NilClass):
  app/controllers/passes_controller.rb:10:in `index'


  Rendered /usr/local/rvm/gems/ruby-2.0.0-p353@wdi-block/gems/actionpack-3.2.16/lib/action_dispatch/middleware/templates/rescues/_trace.erb (1.6ms)
  Rendered /usr/local/rvm/gems/ruby-2.0.0-p353@wdi-block/gems/actionpack-3.2.16/lib/action_dispatch/middleware/templates/rescues/_request_and_response.erb (1.0ms)
  Rendered /usr/local/rvm/gems/ruby-2.0.0-p353@wdi-block/gems/actionpack-3.2.16/lib/action_dispatch/middleware/templates/rescues/diagnostics.erb within rescues/layout (13.4ms)


Started GET "/" for 127.0.0.1 at 2014-01-12 20:58:21 -0500
Connecting to database specified by database.yml
Processing by PassesController#index as HTML
Completed 500 Internal Server Error in 77.5ms

NoMethodError (undefined method `[]' for nil:NilClass):
  app/controllers/passes_controller.rb:10:in `index'


  Rendered /usr/local/rvm/gems/ruby-2.0.0-p353@wdi-block/gems/actionpack-3.2.16/lib/action_dispatch/middleware/templates/rescues/_trace.erb (1.2ms)
  Rendered /usr/local/rvm/gems/ruby-2.0.0-p353@wdi-block/gems/actionpack-3.2.16/lib/action_dispatch/middleware/templates/rescues/_request_and_response.erb (1.3ms)
  Rendered /usr/local/rvm/gems/ruby-2.0.0-p353@wdi-block/gems/actionpack-3.2.16/lib/action_dispatch/middleware/templates/rescues/diagnostics.erb within rescues/layout (12.2ms)


Started GET "/" for 127.0.0.1 at 2014-01-12 20:58:24 -0500
Processing by PassesController#index as HTML
Completed 500 Internal Server Error in 64.3ms

NoMethodError (undefined method `[]' for nil:NilClass):
  app/controllers/passes_controller.rb:10:in `index'


  Rendered /usr/local/rvm/gems/ruby-2.0.0-p353@wdi-block/gems/actionpack-3.2.16/lib/action_dispatch/middleware/templates/rescues/_trace.erb (1.1ms)
  Rendered /usr/local/rvm/gems/ruby-2.0.0-p353@wdi-block/gems/actionpack-3.2.16/lib/action_dispatch/middleware/templates/rescues/_request_and_response.erb (0.9ms)
  Rendered /usr/local/rvm/gems/ruby-2.0.0-p353@wdi-block/gems/actionpack-3.2.16/lib/action_dispatch/middleware/templates/rescues/diagnostics.erb within rescues/layout (7.7ms)


Started GET "/" for 127.0.0.1 at 2014-01-12 20:58:31 -0500
Connecting to database specified by database.yml
Processing by PassesController#index as HTML
Completed 500 Internal Server Error in 69.3ms

NoMethodError (undefined method `[]' for nil:NilClass):
  app/controllers/passes_controller.rb:10:in `index'


  Rendered /usr/local/rvm/gems/ruby-2.0.0-p353@wdi-block/gems/actionpack-3.2.16/lib/action_dispatch/middleware/templates/rescues/_trace.erb (2.8ms)
  Rendered /usr/local/rvm/gems/ruby-2.0.0-p353@wdi-block/gems/actionpack-3.2.16/lib/action_dispatch/middleware/templates/rescues/_request_and_response.erb (1.0ms)
  Rendered /usr/local/rvm/gems/ruby-2.0.0-p353@wdi-block/gems/actionpack-3.2.16/lib/action_dispatch/middleware/templates/rescues/diagnostics.erb within rescues/layout (12.4ms)


Started GET "/passes/new" for 127.0.0.1 at 2014-01-12 20:59:59 -0500
Processing by PassesController#new as HTML
Redirected to http://localhost:3000/
Completed 302 Found in 1.0ms (ActiveRecord: 0.0ms)


Started GET "/" for 127.0.0.1 at 2014-01-12 20:59:59 -0500
Processing by PassesController#index as HTML
Completed 500 Internal Server Error in 550.0ms

NoMethodError (undefined method `[]' for nil:NilClass):
  app/controllers/passes_controller.rb:10:in `index'


  Rendered /usr/local/rvm/gems/ruby-2.0.0-p353@wdi-block/gems/actionpack-3.2.16/lib/action_dispatch/middleware/templates/rescues/_trace.erb (1.2ms)
  Rendered /usr/local/rvm/gems/ruby-2.0.0-p353@wdi-block/gems/actionpack-3.2.16/lib/action_dispatch/middleware/templates/rescues/_request_and_response.erb (1.1ms)
  Rendered /usr/local/rvm/gems/ruby-2.0.0-p353@wdi-block/gems/actionpack-3.2.16/lib/action_dispatch/middleware/templates/rescues/diagnostics.erb within rescues/layout (8.2ms)


Started GET "/" for 127.0.0.1 at 2014-01-12 21:30:40 -0500
Connecting to database specified by database.yml
Processing by PassesController#index as HTML
Completed 500 Internal Server Error in 0.4ms

NoMethodError (undefined method `gsub' for nil:NilClass):
  app/controllers/passes_controller.rb:8:in `index'


  Rendered /usr/local/rvm/gems/ruby-2.0.0-p353@wdi-block/gems/actionpack-3.2.16/lib/action_dispatch/middleware/templates/rescues/_trace.erb (1.5ms)
  Rendered /usr/local/rvm/gems/ruby-2.0.0-p353@wdi-block/gems/actionpack-3.2.16/lib/action_dispatch/middleware/templates/rescues/_request_and_response.erb (2.2ms)
  Rendered /usr/local/rvm/gems/ruby-2.0.0-p353@wdi-block/gems/actionpack-3.2.16/lib/action_dispatch/middleware/templates/rescues/diagnostics.erb within rescues/layout (13.4ms)


Started GET "/passes/new" for 127.0.0.1 at 2014-01-12 21:30:46 -0500
Processing by PassesController#new as HTML
Redirected to http://localhost:3000/
Completed 302 Found in 0.9ms (ActiveRecord: 0.0ms)


Started GET "/" for 127.0.0.1 at 2014-01-12 21:30:46 -0500
Processing by PassesController#index as HTML
Completed 500 Internal Server Error in 0.2ms

NoMethodError (undefined method `gsub' for nil:NilClass):
  app/controllers/passes_controller.rb:8:in `index'


  Rendered /usr/local/rvm/gems/ruby-2.0.0-p353@wdi-block/gems/actionpack-3.2.16/lib/action_dispatch/middleware/templates/rescues/_trace.erb (1.3ms)
  Rendered /usr/local/rvm/gems/ruby-2.0.0-p353@wdi-block/gems/actionpack-3.2.16/lib/action_dispatch/middleware/templates/rescues/_request_and_response.erb (1.1ms)
  Rendered /usr/local/rvm/gems/ruby-2.0.0-p353@wdi-block/gems/actionpack-3.2.16/lib/action_dispatch/middleware/templates/rescues/diagnostics.erb within rescues/layout (8.7ms)


Started GET "/" for 127.0.0.1 at 2014-01-12 21:32:48 -0500
Connecting to database specified by database.yml
Processing by PassesController#index as HTML
Completed 500 Internal Server Error in 0.4ms

NoMethodError (undefined method `gsub' for nil:NilClass):
  app/controllers/passes_controller.rb:8:in `index'


  Rendered /usr/local/rvm/gems/ruby-2.0.0-p353@wdi-block/gems/actionpack-3.2.16/lib/action_dispatch/middleware/templates/rescues/_trace.erb (1.3ms)
  Rendered /usr/local/rvm/gems/ruby-2.0.0-p353@wdi-block/gems/actionpack-3.2.16/lib/action_dispatch/middleware/templates/rescues/_request_and_response.erb (1.0ms)
  Rendered /usr/local/rvm/gems/ruby-2.0.0-p353@wdi-block/gems/actionpack-3.2.16/lib/action_dispatch/middleware/templates/rescues/diagnostics.erb within rescues/layout (10.1ms)


Started GET "/passes/new" for 127.0.0.1 at 2014-01-12 21:34:06 -0500
Connecting to database specified by database.yml
Processing by PassesController#new as HTML
  Rendered passes/new.html.erb within layouts/application (1.6ms)
Completed 200 OK in 29.5ms (Views: 29.1ms | ActiveRecord: 0.0ms)


Started GET "/assets/application.css?body=1" for 127.0.0.1 at 2014-01-12 21:34:06 -0500
Served asset /application.css - 304 Not Modified (6ms)


Started GET "/assets/jquery.js?body=1" for 127.0.0.1 at 2014-01-12 21:34:06 -0500
Served asset /jquery.js - 304 Not Modified (2ms)


Started GET "/assets/jquery_ujs.js?body=1" for 127.0.0.1 at 2014-01-12 21:34:06 -0500
Served asset /jquery_ujs.js - 304 Not Modified (3ms)


Started GET "/assets/application.js?body=1" for 127.0.0.1 at 2014-01-12 21:34:06 -0500
Served asset /application.js - 304 Not Modified (5ms)


Started GET "/passes/new?user_input_address=345+buckminster+road%2C+brookline%2C+ma" for 127.0.0.1 at 2014-01-12 21:34:12 -0500
Processing by PassesController#new as HTML
  Parameters: {"user_input_address"=>"345 buckminster road, brookline, ma"}
  Rendered passes/new.html.erb within layouts/application (0.7ms)
Completed 200 OK in 4.7ms (Views: 4.5ms | ActiveRecord: 0.0ms)


Started GET "/assets/jquery_ujs.js?body=1" for 127.0.0.1 at 2014-01-12 21:34:12 -0500
Served asset /jquery_ujs.js - 304 Not Modified (0ms)


Started GET "/assets/application.css?body=1" for 127.0.0.1 at 2014-01-12 21:34:12 -0500
Served asset /application.css - 304 Not Modified (0ms)


Started GET "/assets/jquery.js?body=1" for 127.0.0.1 at 2014-01-12 21:34:12 -0500
Served asset /jquery.js - 304 Not Modified (0ms)


Started GET "/assets/application.js?body=1" for 127.0.0.1 at 2014-01-12 21:34:12 -0500
Served asset /application.js - 304 Not Modified (0ms)


Started GET "/passes/new" for 127.0.0.1 at 2014-01-12 21:34:37 -0500
Connecting to database specified by database.yml
Processing by PassesController#new as HTML
Redirected to http://localhost:3000/
Completed 302 Found in 0.8ms (ActiveRecord: 0.0ms)


Started GET "/" for 127.0.0.1 at 2014-01-12 21:34:38 -0500
Processing by PassesController#index as HTML
Completed 500 Internal Server Error in 0.5ms

NoMethodError (undefined method `gsub' for nil:NilClass):
  app/controllers/passes_controller.rb:9:in `index'


  Rendered /usr/local/rvm/gems/ruby-2.0.0-p353@wdi-block/gems/actionpack-3.2.16/lib/action_dispatch/middleware/templates/rescues/_trace.erb (1.3ms)
  Rendered /usr/local/rvm/gems/ruby-2.0.0-p353@wdi-block/gems/actionpack-3.2.16/lib/action_dispatch/middleware/templates/rescues/_request_and_response.erb (1.0ms)
  Rendered /usr/local/rvm/gems/ruby-2.0.0-p353@wdi-block/gems/actionpack-3.2.16/lib/action_dispatch/middleware/templates/rescues/diagnostics.erb within rescues/layout (11.2ms)


Started GET "/" for 127.0.0.1 at 2014-01-12 21:38:11 -0500
Connecting to database specified by database.yml
Processing by PassesController#index as HTML
  Rendered passes/index.html.erb within layouts/application (3.6ms)
Completed 500 Internal Server Error in 10.4ms

ActionView::Template::Error (undefined method `each' for nil:NilClass):
    1: <% @items.each do |item| %>
    2:   <%= item["name"] %>
    3: <% end %>
  app/views/passes/index.html.erb:1:in `_app_views_passes_index_html_erb__2354589003837749791_2174835120'


  Rendered /usr/local/rvm/gems/ruby-2.0.0-p353@wdi-block/gems/actionpack-3.2.16/lib/action_dispatch/middleware/templates/rescues/_trace.erb (1.3ms)
  Rendered /usr/local/rvm/gems/ruby-2.0.0-p353@wdi-block/gems/actionpack-3.2.16/lib/action_dispatch/middleware/templates/rescues/_request_and_response.erb (1.0ms)
  Rendered /usr/local/rvm/gems/ruby-2.0.0-p353@wdi-block/gems/actionpack-3.2.16/lib/action_dispatch/middleware/templates/rescues/template_error.erb within rescues/layout (9.4ms)


Started GET "/" for 127.0.0.1 at 2014-01-12 21:39:30 -0500
Connecting to database specified by database.yml
Processing by PassesController#index as HTML
  Rendered passes/index.html.erb within layouts/application (4.1ms)
Completed 500 Internal Server Error in 9.8ms

ActionView::Template::Error (undefined method `[]' for nil:NilClass):
    1: 
    2: <% @items = @venue_search["response"]["groups"][0]["items"] %>
    3: <% @items.each do |item| %>
    4:   <%= item["name"] %>
    5: <% end %>
  app/views/passes/index.html.erb:2:in `_app_views_passes_index_html_erb___3707482179925751605_2159509620'


  Rendered /usr/local/rvm/gems/ruby-2.0.0-p353@wdi-block/gems/actionpack-3.2.16/lib/action_dispatch/middleware/templates/rescues/_trace.erb (1.5ms)
  Rendered /usr/local/rvm/gems/ruby-2.0.0-p353@wdi-block/gems/actionpack-3.2.16/lib/action_dispatch/middleware/templates/rescues/_request_and_response.erb (1.1ms)
  Rendered /usr/local/rvm/gems/ruby-2.0.0-p353@wdi-block/gems/actionpack-3.2.16/lib/action_dispatch/middleware/templates/rescues/template_error.erb within rescues/layout (10.0ms)


Started GET "/" for 127.0.0.1 at 2014-01-12 21:40:54 -0500
Connecting to database specified by database.yml
Processing by PassesController#index as HTML
Completed 500 Internal Server Error in 0.4ms

NoMethodError (undefined method `[]' for nil:NilClass):
  app/controllers/passes_controller.rb:14:in `index'


  Rendered /usr/local/rvm/gems/ruby-2.0.0-p353@wdi-block/gems/actionpack-3.2.16/lib/action_dispatch/middleware/templates/rescues/_trace.erb (1.8ms)
  Rendered /usr/local/rvm/gems/ruby-2.0.0-p353@wdi-block/gems/actionpack-3.2.16/lib/action_dispatch/middleware/templates/rescues/_request_and_response.erb (1.1ms)
  Rendered /usr/local/rvm/gems/ruby-2.0.0-p353@wdi-block/gems/actionpack-3.2.16/lib/action_dispatch/middleware/templates/rescues/diagnostics.erb within rescues/layout (12.5ms)


Started GET "/" for 127.0.0.1 at 2014-01-12 21:41:54 -0500
Connecting to database specified by database.yml
Processing by PassesController#index as HTML
  Rendered passes/index.html.erb within layouts/application (5.5ms)
Completed 500 Internal Server Error in 15.4ms

ActionView::Template::Error (undefined method `each' for nil:NilClass):
    1: 
    2: <% @items.each do |item| %>
    3:   <%= item["name"] %>
    4: <% end %>
  app/views/passes/index.html.erb:2:in `_app_views_passes_index_html_erb___3959246170541924859_2197992040'


  Rendered /usr/local/rvm/gems/ruby-2.0.0-p353@wdi-block/gems/actionpack-3.2.16/lib/action_dispatch/middleware/templates/rescues/_trace.erb (1.8ms)
  Rendered /usr/local/rvm/gems/ruby-2.0.0-p353@wdi-block/gems/actionpack-3.2.16/lib/action_dispatch/middleware/templates/rescues/_request_and_response.erb (1.1ms)
  Rendered /usr/local/rvm/gems/ruby-2.0.0-p353@wdi-block/gems/actionpack-3.2.16/lib/action_dispatch/middleware/templates/rescues/template_error.erb within rescues/layout (10.8ms)


Started GET "/" for 127.0.0.1 at 2014-01-12 21:42:18 -0500
Connecting to database specified by database.yml
Processing by PassesController#index as HTML
Completed 500 Internal Server Error in 0.5ms

NoMethodError (undefined method `gsub' for nil:NilClass):
  app/controllers/passes_controller.rb:10:in `index'


  Rendered /usr/local/rvm/gems/ruby-2.0.0-p353@wdi-block/gems/actionpack-3.2.16/lib/action_dispatch/middleware/templates/rescues/_trace.erb (1.1ms)
  Rendered /usr/local/rvm/gems/ruby-2.0.0-p353@wdi-block/gems/actionpack-3.2.16/lib/action_dispatch/middleware/templates/rescues/_request_and_response.erb (0.9ms)
  Rendered /usr/local/rvm/gems/ruby-2.0.0-p353@wdi-block/gems/actionpack-3.2.16/lib/action_dispatch/middleware/templates/rescues/diagnostics.erb within rescues/layout (9.4ms)


Started GET "/" for 127.0.0.1 at 2014-01-12 21:44:37 -0500
Connecting to database specified by database.yml
Processing by PassesController#index as HTML
Completed 500 Internal Server Error in 44941.1ms

NoMethodError (undefined method `gsub' for nil:NilClass):
  app/controllers/passes_controller.rb:10:in `index'


  Rendered /usr/local/rvm/gems/ruby-2.0.0-p353@wdi-block/gems/actionpack-3.2.16/lib/action_dispatch/middleware/templates/rescues/_trace.erb (33.3ms)
  Rendered /usr/local/rvm/gems/ruby-2.0.0-p353@wdi-block/gems/actionpack-3.2.16/lib/action_dispatch/middleware/templates/rescues/_request_and_response.erb (1.0ms)
  Rendered /usr/local/rvm/gems/ruby-2.0.0-p353@wdi-block/gems/actionpack-3.2.16/lib/action_dispatch/middleware/templates/rescues/diagnostics.erb within rescues/layout (45.9ms)


Started GET "/passes/new" for 127.0.0.1 at 2014-01-12 21:46:24 -0500
Connecting to database specified by database.yml
Processing by PassesController#new as HTML
Redirected to http://localhost:3000/
Completed 302 Found in 1.5ms (ActiveRecord: 0.0ms)


Started GET "/passes/new" for 127.0.0.1 at 2014-01-12 21:46:24 -0500
Processing by PassesController#new as HTML
Redirected to http://localhost:3000/
Completed 302 Found in 0.8ms (ActiveRecord: 0.0ms)


Started GET "/" for 127.0.0.1 at 2014-01-12 21:46:24 -0500
Processing by PassesController#index as HTML
Completed 500 Internal Server Error in 0.8ms

NoMethodError (undefined method `gsub' for nil:NilClass):
  app/controllers/passes_controller.rb:9:in `index'


  Rendered /usr/local/rvm/gems/ruby-2.0.0-p353@wdi-block/gems/actionpack-3.2.16/lib/action_dispatch/middleware/templates/rescues/_trace.erb (1.8ms)
  Rendered /usr/local/rvm/gems/ruby-2.0.0-p353@wdi-block/gems/actionpack-3.2.16/lib/action_dispatch/middleware/templates/rescues/_request_and_response.erb (1.1ms)
  Rendered /usr/local/rvm/gems/ruby-2.0.0-p353@wdi-block/gems/actionpack-3.2.16/lib/action_dispatch/middleware/templates/rescues/diagnostics.erb within rescues/layout (14.1ms)


Started GET "/" for 127.0.0.1 at 2014-01-12 21:47:40 -0500
Connecting to database specified by database.yml
Processing by PassesController#index as HTML
Completed 500 Internal Server Error in 0.4ms

NoMethodError (undefined method `gsub' for nil:NilClass):
  app/controllers/passes_controller.rb:9:in `index'


  Rendered /usr/local/rvm/gems/ruby-2.0.0-p353@wdi-block/gems/actionpack-3.2.16/lib/action_dispatch/middleware/templates/rescues/_trace.erb (1.1ms)
  Rendered /usr/local/rvm/gems/ruby-2.0.0-p353@wdi-block/gems/actionpack-3.2.16/lib/action_dispatch/middleware/templates/rescues/_request_and_response.erb (0.8ms)
  Rendered /usr/local/rvm/gems/ruby-2.0.0-p353@wdi-block/gems/actionpack-3.2.16/lib/action_dispatch/middleware/templates/rescues/diagnostics.erb within rescues/layout (9.2ms)


Started GET "/passes/new" for 127.0.0.1 at 2014-01-12 21:47:41 -0500
Processing by PassesController#new as HTML
Redirected to http://localhost:3000/
Completed 302 Found in 1.0ms (ActiveRecord: 0.0ms)


Started GET "/" for 127.0.0.1 at 2014-01-12 21:47:41 -0500
Processing by PassesController#index as HTML
Completed 500 Internal Server Error in 0.2ms

NoMethodError (undefined method `gsub' for nil:NilClass):
  app/controllers/passes_controller.rb:9:in `index'


  Rendered /usr/local/rvm/gems/ruby-2.0.0-p353@wdi-block/gems/actionpack-3.2.16/lib/action_dispatch/middleware/templates/rescues/_trace.erb (1.1ms)
  Rendered /usr/local/rvm/gems/ruby-2.0.0-p353@wdi-block/gems/actionpack-3.2.16/lib/action_dispatch/middleware/templates/rescues/_request_and_response.erb (0.9ms)
  Rendered /usr/local/rvm/gems/ruby-2.0.0-p353@wdi-block/gems/actionpack-3.2.16/lib/action_dispatch/middleware/templates/rescues/diagnostics.erb within rescues/layout (7.6ms)


Started GET "/" for 127.0.0.1 at 2014-01-12 21:52:13 -0500
Connecting to database specified by database.yml

SyntaxError (/Users/nhindman/Documents/ga_wdi/WDI_NYC_Lambda/w05/Nate_Hindman/odgp/app/controllers/passes_controller.rb:3: syntax error, unexpected '=', expecting ';' or '\n'
def newuser_input_address = params[:user_input_address]
                           ^
/Users/nhindman/Documents/ga_wdi/WDI_NYC_Lambda/w05/Nate_Hindman/odgp/app/controllers/passes_controller.rb:17: syntax error, unexpected keyword_end, expecting end-of-input):
  activesupport (3.2.16) lib/active_support/dependencies.rb:469:in `load'
  activesupport (3.2.16) lib/active_support/dependencies.rb:469:in `block in load_file'
  activesupport (3.2.16) lib/active_support/dependencies.rb:639:in `new_constants_in'
  activesupport (3.2.16) lib/active_support/dependencies.rb:468:in `load_file'
  activesupport (3.2.16) lib/active_support/dependencies.rb:353:in `require_or_load'
  activesupport (3.2.16) lib/active_support/dependencies.rb:502:in `load_missing_constant'
  activesupport (3.2.16) lib/active_support/dependencies.rb:192:in `block in const_missing'
  activesupport (3.2.16) lib/active_support/dependencies.rb:190:in `each'
  activesupport (3.2.16) lib/active_support/dependencies.rb:190:in `const_missing'
  activesupport (3.2.16) lib/active_support/inflector/methods.rb:230:in `block in constantize'
  activesupport (3.2.16) lib/active_support/inflector/methods.rb:229:in `each'
  activesupport (3.2.16) lib/active_support/inflector/methods.rb:229:in `constantize'
  activesupport (3.2.16) lib/active_support/dependencies.rb:554:in `get'
  actionpack (3.2.16) lib/action_dispatch/routing/route_set.rb:69:in `controller_reference'
  actionpack (3.2.16) lib/action_dispatch/routing/route_set.rb:54:in `controller'
  actionpack (3.2.16) lib/action_dispatch/routing/route_set.rb:32:in `call'
  journey (1.0.4) lib/journey/router.rb:68:in `block in call'
  journey (1.0.4) lib/journey/router.rb:56:in `each'
  journey (1.0.4) lib/journey/router.rb:56:in `call'
  actionpack (3.2.16) lib/action_dispatch/routing/route_set.rb:608:in `call'
  actionpack (3.2.16) lib/action_dispatch/middleware/best_standards_support.rb:17:in `call'
  rack (1.4.5) lib/rack/etag.rb:23:in `call'
  rack (1.4.5) lib/rack/conditionalget.rb:25:in `call'
  actionpack (3.2.16) lib/action_dispatch/middleware/head.rb:14:in `call'
  actionpack (3.2.16) lib/action_dispatch/middleware/params_parser.rb:21:in `call'
  actionpack (3.2.16) lib/action_dispatch/middleware/flash.rb:242:in `call'
  rack (1.4.5) lib/rack/session/abstract/id.rb:210:in `context'
  rack (1.4.5) lib/rack/session/abstract/id.rb:205:in `call'
  actionpack (3.2.16) lib/action_dispatch/middleware/cookies.rb:341:in `call'
  activerecord (3.2.16) lib/active_record/query_cache.rb:64:in `call'
  activerecord (3.2.16) lib/active_record/connection_adapters/abstract/connection_pool.rb:479:in `call'
  actionpack (3.2.16) lib/action_dispatch/middleware/callbacks.rb:28:in `block in call'
  activesupport (3.2.16) lib/active_support/callbacks.rb:405:in `_run__3421383937273273931__call__378756325669608827__callbacks'
  activesupport (3.2.16) lib/active_support/callbacks.rb:405:in `__run_callback'
  activesupport (3.2.16) lib/active_support/callbacks.rb:385:in `_run_call_callbacks'
  activesupport (3.2.16) lib/active_support/callbacks.rb:81:in `run_callbacks'
  actionpack (3.2.16) lib/action_dispatch/middleware/callbacks.rb:27:in `call'
  actionpack (3.2.16) lib/action_dispatch/middleware/reloader.rb:65:in `call'
  actionpack (3.2.16) lib/action_dispatch/middleware/remote_ip.rb:31:in `call'
  actionpack (3.2.16) lib/action_dispatch/middleware/debug_exceptions.rb:16:in `call'
  actionpack (3.2.16) lib/action_dispatch/middleware/show_exceptions.rb:56:in `call'
  railties (3.2.16) lib/rails/rack/logger.rb:32:in `call_app'
  railties (3.2.16) lib/rails/rack/logger.rb:16:in `block in call'
  activesupport (3.2.16) lib/active_support/tagged_logging.rb:22:in `tagged'
  railties (3.2.16) lib/rails/rack/logger.rb:16:in `call'
  actionpack (3.2.16) lib/action_dispatch/middleware/request_id.rb:22:in `call'
  rack (1.4.5) lib/rack/methodoverride.rb:21:in `call'
  rack (1.4.5) lib/rack/runtime.rb:17:in `call'
  activesupport (3.2.16) lib/active_support/cache/strategy/local_cache.rb:72:in `call'
  rack (1.4.5) lib/rack/lock.rb:15:in `call'
  actionpack (3.2.16) lib/action_dispatch/middleware/static.rb:63:in `call'
  railties (3.2.16) lib/rails/engine.rb:484:in `call'
  railties (3.2.16) lib/rails/application.rb:231:in `call'
  rack (1.4.5) lib/rack/content_length.rb:14:in `call'
  railties (3.2.16) lib/rails/rack/log_tailer.rb:17:in `call'
  rack (1.4.5) lib/rack/handler/webrick.rb:59:in `service'
  /usr/local/rvm/rubies/ruby-2.0.0-p353/lib/ruby/2.0.0/webrick/httpserver.rb:138:in `service'
  /usr/local/rvm/rubies/ruby-2.0.0-p353/lib/ruby/2.0.0/webrick/httpserver.rb:94:in `run'
  /usr/local/rvm/rubies/ruby-2.0.0-p353/lib/ruby/2.0.0/webrick/server.rb:295:in `block in start_thread'


  Rendered /usr/local/rvm/gems/ruby-2.0.0-p353@wdi-block/gems/actionpack-3.2.16/lib/action_dispatch/middleware/templates/rescues/_trace.erb (1.2ms)
  Rendered /usr/local/rvm/gems/ruby-2.0.0-p353@wdi-block/gems/actionpack-3.2.16/lib/action_dispatch/middleware/templates/rescues/_request_and_response.erb (3.2ms)
  Rendered /usr/local/rvm/gems/ruby-2.0.0-p353@wdi-block/gems/actionpack-3.2.16/lib/action_dispatch/middleware/templates/rescues/diagnostics.erb within rescues/layout (14.8ms)


Started GET "/" for 127.0.0.1 at 2014-01-12 21:52:27 -0500
Processing by PassesController#index as HTML
  Rendered passes/index.html.erb within layouts/application (3.1ms)
Completed 500 Internal Server Error in 7.8ms

ActionView::Template::Error (undefined method `each' for nil:NilClass):
    1: 
    2: <% @items.each do |item| %>
    3:   <%= item["name"] %>
    4: <% end %>
  app/views/passes/index.html.erb:2:in `_app_views_passes_index_html_erb___4207386206507732016_2189690320'


  Rendered /usr/local/rvm/gems/ruby-2.0.0-p353@wdi-block/gems/actionpack-3.2.16/lib/action_dispatch/middleware/templates/rescues/_trace.erb (2.2ms)
  Rendered /usr/local/rvm/gems/ruby-2.0.0-p353@wdi-block/gems/actionpack-3.2.16/lib/action_dispatch/middleware/templates/rescues/_request_and_response.erb (1.2ms)
  Rendered /usr/local/rvm/gems/ruby-2.0.0-p353@wdi-block/gems/actionpack-3.2.16/lib/action_dispatch/middleware/templates/rescues/template_error.erb within rescues/layout (10.0ms)


Started GET "/" for 127.0.0.1 at 2014-01-12 21:52:54 -0500
Processing by PassesController#index as HTML
Completed 500 Internal Server Error in 2.7ms

NameError (undefined local variable or method `venue_search' for #<PassesController:0x000001013a82f0>):
  app/controllers/passes_controller.rb:15:in `index'


  Rendered /usr/local/rvm/gems/ruby-2.0.0-p353@wdi-block/gems/actionpack-3.2.16/lib/action_dispatch/middleware/templates/rescues/_trace.erb (1.2ms)
  Rendered /usr/local/rvm/gems/ruby-2.0.0-p353@wdi-block/gems/actionpack-3.2.16/lib/action_dispatch/middleware/templates/rescues/_request_and_response.erb (0.9ms)
  Rendered /usr/local/rvm/gems/ruby-2.0.0-p353@wdi-block/gems/actionpack-3.2.16/lib/action_dispatch/middleware/templates/rescues/diagnostics.erb within rescues/layout (41.8ms)


Started GET "/" for 127.0.0.1 at 2014-01-12 21:53:04 -0500
Processing by PassesController#index as HTML
Completed 500 Internal Server Error in 0.4ms

NoMethodError (undefined method `[]' for nil:NilClass):
  app/controllers/passes_controller.rb:15:in `index'


  Rendered /usr/local/rvm/gems/ruby-2.0.0-p353@wdi-block/gems/actionpack-3.2.16/lib/action_dispatch/middleware/templates/rescues/_trace.erb (1.1ms)
  Rendered /usr/local/rvm/gems/ruby-2.0.0-p353@wdi-block/gems/actionpack-3.2.16/lib/action_dispatch/middleware/templates/rescues/_request_and_response.erb (0.9ms)
  Rendered /usr/local/rvm/gems/ruby-2.0.0-p353@wdi-block/gems/actionpack-3.2.16/lib/action_dispatch/middleware/templates/rescues/diagnostics.erb within rescues/layout (8.0ms)


Started GET "/" for 127.0.0.1 at 2014-01-12 21:53:34 -0500
Processing by PassesController#index as HTML
Completed 500 Internal Server Error in 0.4ms

NoMethodError (undefined method `[]' for nil:NilClass):
  app/controllers/passes_controller.rb:15:in `index'


  Rendered /usr/local/rvm/gems/ruby-2.0.0-p353@wdi-block/gems/actionpack-3.2.16/lib/action_dispatch/middleware/templates/rescues/_trace.erb (1.4ms)
  Rendered /usr/local/rvm/gems/ruby-2.0.0-p353@wdi-block/gems/actionpack-3.2.16/lib/action_dispatch/middleware/templates/rescues/_request_and_response.erb (1.1ms)
  Rendered /usr/local/rvm/gems/ruby-2.0.0-p353@wdi-block/gems/actionpack-3.2.16/lib/action_dispatch/middleware/templates/rescues/diagnostics.erb within rescues/layout (9.0ms)


Started GET "/" for 127.0.0.1 at 2014-01-12 21:53:35 -0500
Processing by PassesController#index as HTML
Completed 500 Internal Server Error in 0.4ms

NoMethodError (undefined method `[]' for nil:NilClass):
  app/controllers/passes_controller.rb:15:in `index'


  Rendered /usr/local/rvm/gems/ruby-2.0.0-p353@wdi-block/gems/actionpack-3.2.16/lib/action_dispatch/middleware/templates/rescues/_trace.erb (1.5ms)
  Rendered /usr/local/rvm/gems/ruby-2.0.0-p353@wdi-block/gems/actionpack-3.2.16/lib/action_dispatch/middleware/templates/rescues/_request_and_response.erb (0.9ms)
  Rendered /usr/local/rvm/gems/ruby-2.0.0-p353@wdi-block/gems/actionpack-3.2.16/lib/action_dispatch/middleware/templates/rescues/diagnostics.erb within rescues/layout (9.4ms)


Started GET "/" for 127.0.0.1 at 2014-01-12 21:53:36 -0500
Processing by PassesController#index as HTML
Completed 500 Internal Server Error in 0.2ms

NoMethodError (undefined method `[]' for nil:NilClass):
  app/controllers/passes_controller.rb:15:in `index'


  Rendered /usr/local/rvm/gems/ruby-2.0.0-p353@wdi-block/gems/actionpack-3.2.16/lib/action_dispatch/middleware/templates/rescues/_trace.erb (1.2ms)
  Rendered /usr/local/rvm/gems/ruby-2.0.0-p353@wdi-block/gems/actionpack-3.2.16/lib/action_dispatch/middleware/templates/rescues/_request_and_response.erb (0.9ms)
  Rendered /usr/local/rvm/gems/ruby-2.0.0-p353@wdi-block/gems/actionpack-3.2.16/lib/action_dispatch/middleware/templates/rescues/diagnostics.erb within rescues/layout (8.2ms)


Started GET "/" for 127.0.0.1 at 2014-01-12 21:53:36 -0500
Processing by PassesController#index as HTML
Completed 500 Internal Server Error in 0.4ms

NoMethodError (undefined method `[]' for nil:NilClass):
  app/controllers/passes_controller.rb:15:in `index'


  Rendered /usr/local/rvm/gems/ruby-2.0.0-p353@wdi-block/gems/actionpack-3.2.16/lib/action_dispatch/middleware/templates/rescues/_trace.erb (1.3ms)
  Rendered /usr/local/rvm/gems/ruby-2.0.0-p353@wdi-block/gems/actionpack-3.2.16/lib/action_dispatch/middleware/templates/rescues/_request_and_response.erb (1.1ms)
  Rendered /usr/local/rvm/gems/ruby-2.0.0-p353@wdi-block/gems/actionpack-3.2.16/lib/action_dispatch/middleware/templates/rescues/diagnostics.erb within rescues/layout (8.4ms)


Started GET "/" for 127.0.0.1 at 2014-01-12 21:53:36 -0500
Processing by PassesController#index as HTML
Completed 500 Internal Server Error in 0.3ms

NoMethodError (undefined method `[]' for nil:NilClass):
  app/controllers/passes_controller.rb:15:in `index'


  Rendered /usr/local/rvm/gems/ruby-2.0.0-p353@wdi-block/gems/actionpack-3.2.16/lib/action_dispatch/middleware/templates/rescues/_trace.erb (1.4ms)
  Rendered /usr/local/rvm/gems/ruby-2.0.0-p353@wdi-block/gems/actionpack-3.2.16/lib/action_dispatch/middleware/templates/rescues/_request_and_response.erb (1.8ms)
  Rendered /usr/local/rvm/gems/ruby-2.0.0-p353@wdi-block/gems/actionpack-3.2.16/lib/action_dispatch/middleware/templates/rescues/diagnostics.erb within rescues/layout (9.8ms)


Started GET "/" for 127.0.0.1 at 2014-01-12 21:54:35 -0500
Connecting to database specified by database.yml
Processing by PassesController#index as HTML
  Rendered passes/index.html.erb within layouts/application (4.2ms)
Completed 500 Internal Server Error in 10.6ms

ActionView::Template::Error (undefined method `each' for nil:NilClass):
    1: 
    2: <% @items.each do |item| %>
    3:   <%= item["name"] %>
    4: <% end %>
  app/views/passes/index.html.erb:2:in `_app_views_passes_index_html_erb__4224496615183968760_2162832220'


  Rendered /usr/local/rvm/gems/ruby-2.0.0-p353@wdi-block/gems/actionpack-3.2.16/lib/action_dispatch/middleware/templates/rescues/_trace.erb (1.2ms)
  Rendered /usr/local/rvm/gems/ruby-2.0.0-p353@wdi-block/gems/actionpack-3.2.16/lib/action_dispatch/middleware/templates/rescues/_request_and_response.erb (0.9ms)
  Rendered /usr/local/rvm/gems/ruby-2.0.0-p353@wdi-block/gems/actionpack-3.2.16/lib/action_dispatch/middleware/templates/rescues/template_error.erb within rescues/layout (9.2ms)


Started GET "/" for 127.0.0.1 at 2014-01-12 21:57:38 -0500
Connecting to database specified by database.yml
Processing by PassesController#index as HTML
Completed 500 Internal Server Error in 0.4ms

NoMethodError (undefined method `gsub' for nil:NilClass):
  app/controllers/passes_controller.rb:10:in `index'


  Rendered /usr/local/rvm/gems/ruby-2.0.0-p353@wdi-block/gems/actionpack-3.2.16/lib/action_dispatch/middleware/templates/rescues/_trace.erb (1.1ms)
  Rendered /usr/local/rvm/gems/ruby-2.0.0-p353@wdi-block/gems/actionpack-3.2.16/lib/action_dispatch/middleware/templates/rescues/_request_and_response.erb (1.0ms)
  Rendered /usr/local/rvm/gems/ruby-2.0.0-p353@wdi-block/gems/actionpack-3.2.16/lib/action_dispatch/middleware/templates/rescues/diagnostics.erb within rescues/layout (10.1ms)


Started GET "/" for 127.0.0.1 at 2014-01-12 21:59:49 -0500
Connecting to database specified by database.yml
Processing by PassesController#index as HTML
Completed 500 Internal Server Error in 0.4ms

NoMethodError (undefined method `gsub' for nil:NilClass):
  app/controllers/passes_controller.rb:9:in `index'


  Rendered /usr/local/rvm/gems/ruby-2.0.0-p353@wdi-block/gems/actionpack-3.2.16/lib/action_dispatch/middleware/templates/rescues/_trace.erb (1.2ms)
  Rendered /usr/local/rvm/gems/ruby-2.0.0-p353@wdi-block/gems/actionpack-3.2.16/lib/action_dispatch/middleware/templates/rescues/_request_and_response.erb (1.7ms)
  Rendered /usr/local/rvm/gems/ruby-2.0.0-p353@wdi-block/gems/actionpack-3.2.16/lib/action_dispatch/middleware/templates/rescues/diagnostics.erb within rescues/layout (11.4ms)


Started GET "/" for 127.0.0.1 at 2014-01-12 22:06:03 -0500
Connecting to database specified by database.yml
Processing by PassesController#index as HTML
  Rendered passes/index.html.erb within layouts/application (3.5ms)
Completed 500 Internal Server Error in 10.6ms

ActionView::Template::Error (undefined method `each' for nil:NilClass):
    1: <% @items.each do |item| %>
    2:   <%= item["name"] %>
    3: <% end %>
  app/views/passes/index.html.erb:1:in `_app_views_passes_index_html_erb___3011828491337542591_2159014120'


  Rendered /usr/local/rvm/gems/ruby-2.0.0-p353@wdi-block/gems/actionpack-3.2.16/lib/action_dispatch/middleware/templates/rescues/_trace.erb (1.4ms)
  Rendered /usr/local/rvm/gems/ruby-2.0.0-p353@wdi-block/gems/actionpack-3.2.16/lib/action_dispatch/middleware/templates/rescues/_request_and_response.erb (1.0ms)
  Rendered /usr/local/rvm/gems/ruby-2.0.0-p353@wdi-block/gems/actionpack-3.2.16/lib/action_dispatch/middleware/templates/rescues/template_error.erb within rescues/layout (9.7ms)


Started GET "/" for 127.0.0.1 at 2014-01-12 22:07:27 -0500
Connecting to database specified by database.yml
Processing by PassesController#index as HTML
  Rendered passes/index.html.erb within layouts/application (3.4ms)
Completed 500 Internal Server Error in 9.8ms

ActionView::Template::Error (undefined method `[]' for nil:NilClass):
    1: 
    2: <% @items = @venue_search["response"]["groups"][0]["items"] %>
    3: <% @items.each do |item| %>
    4:   <%= item["name"] %>
    5: <% end %>
  app/views/passes/index.html.erb:2:in `_app_views_passes_index_html_erb__4359831633177243861_2163487680'


  Rendered /usr/local/rvm/gems/ruby-2.0.0-p353@wdi-block/gems/actionpack-3.2.16/lib/action_dispatch/middleware/templates/rescues/_trace.erb (1.4ms)
  Rendered /usr/local/rvm/gems/ruby-2.0.0-p353@wdi-block/gems/actionpack-3.2.16/lib/action_dispatch/middleware/templates/rescues/_request_and_response.erb (0.9ms)
  Rendered /usr/local/rvm/gems/ruby-2.0.0-p353@wdi-block/gems/actionpack-3.2.16/lib/action_dispatch/middleware/templates/rescues/template_error.erb within rescues/layout (9.6ms)


Started GET "/" for 127.0.0.1 at 2014-01-12 22:07:56 -0500
Connecting to database specified by database.yml
Processing by PassesController#index as HTML
Completed 500 Internal Server Error in 0.5ms

NoMethodError (undefined method `[]' for nil:NilClass):
  app/controllers/passes_controller.rb:8:in `index'


  Rendered /usr/local/rvm/gems/ruby-2.0.0-p353@wdi-block/gems/actionpack-3.2.16/lib/action_dispatch/middleware/templates/rescues/_trace.erb (1.3ms)
  Rendered /usr/local/rvm/gems/ruby-2.0.0-p353@wdi-block/gems/actionpack-3.2.16/lib/action_dispatch/middleware/templates/rescues/_request_and_response.erb (0.9ms)
  Rendered /usr/local/rvm/gems/ruby-2.0.0-p353@wdi-block/gems/actionpack-3.2.16/lib/action_dispatch/middleware/templates/rescues/diagnostics.erb within rescues/layout (10.8ms)


Started GET "/" for 127.0.0.1 at 2014-01-13 09:57:08 -0500
Connecting to database specified by database.yml
Processing by PassesController#index as HTML
  Rendered passes/index.html.erb within layouts/application (4.2ms)
Completed 500 Internal Server Error in 13.1ms

ActionView::Template::Error (undefined method `each' for nil:NilClass):
    1: 
    2: <% @items.each do |item| %>
    3:   <%= item["name"] %>
    4: <% end %>
  app/views/passes/index.html.erb:2:in `_app_views_passes_index_html_erb__669246867113640761_2173448560'


  Rendered /usr/local/rvm/gems/ruby-2.0.0-p353@wdi-block/gems/actionpack-3.2.16/lib/action_dispatch/middleware/templates/rescues/_trace.erb (1.3ms)
  Rendered /usr/local/rvm/gems/ruby-2.0.0-p353@wdi-block/gems/actionpack-3.2.16/lib/action_dispatch/middleware/templates/rescues/_request_and_response.erb (1.1ms)
  Rendered /usr/local/rvm/gems/ruby-2.0.0-p353@wdi-block/gems/actionpack-3.2.16/lib/action_dispatch/middleware/templates/rescues/template_error.erb within rescues/layout (11.0ms)


Started GET "/" for 127.0.0.1 at 2014-01-13 10:00:19 -0500
Processing by PassesController#index as HTML
Completed 500 Internal Server Error in 0.6ms

NoMethodError (undefined method `gsub' for nil:NilClass):
  app/controllers/passes_controller.rb:9:in `index'


  Rendered /usr/local/rvm/gems/ruby-2.0.0-p353@wdi-block/gems/actionpack-3.2.16/lib/action_dispatch/middleware/templates/rescues/_trace.erb (1.2ms)
  Rendered /usr/local/rvm/gems/ruby-2.0.0-p353@wdi-block/gems/actionpack-3.2.16/lib/action_dispatch/middleware/templates/rescues/_request_and_response.erb (0.9ms)
  Rendered /usr/local/rvm/gems/ruby-2.0.0-p353@wdi-block/gems/actionpack-3.2.16/lib/action_dispatch/middleware/templates/rescues/diagnostics.erb within rescues/layout (8.1ms)


Started GET "/" for 127.0.0.1 at 2014-01-13 10:01:10 -0500
Connecting to database specified by database.yml
Processing by PassesController#index as HTML
Completed 500 Internal Server Error in 162188.3ms

NoMethodError (undefined method `gsub' for nil:NilClass):
  app/controllers/passes_controller.rb:10:in `index'


  Rendered /usr/local/rvm/gems/ruby-2.0.0-p353@wdi-block/gems/actionpack-3.2.16/lib/action_dispatch/middleware/templates/rescues/_trace.erb (1.1ms)
  Rendered /usr/local/rvm/gems/ruby-2.0.0-p353@wdi-block/gems/actionpack-3.2.16/lib/action_dispatch/middleware/templates/rescues/_request_and_response.erb (1.1ms)
  Rendered /usr/local/rvm/gems/ruby-2.0.0-p353@wdi-block/gems/actionpack-3.2.16/lib/action_dispatch/middleware/templates/rescues/diagnostics.erb within rescues/layout (45.2ms)


Started GET "/" for 127.0.0.1 at 2014-01-13 10:04:00 -0500
Connecting to database specified by database.yml
Processing by PassesController#index as HTML
Completed 500 Internal Server Error in 0.5ms

NoMethodError (undefined method `gsub' for nil:NilClass):
  app/controllers/passes_controller.rb:10:in `index'


  Rendered /usr/local/rvm/gems/ruby-2.0.0-p353@wdi-block/gems/actionpack-3.2.16/lib/action_dispatch/middleware/templates/rescues/_trace.erb (1.2ms)
  Rendered /usr/local/rvm/gems/ruby-2.0.0-p353@wdi-block/gems/actionpack-3.2.16/lib/action_dispatch/middleware/templates/rescues/_request_and_response.erb (0.9ms)
  Rendered /usr/local/rvm/gems/ruby-2.0.0-p353@wdi-block/gems/actionpack-3.2.16/lib/action_dispatch/middleware/templates/rescues/diagnostics.erb within rescues/layout (11.2ms)


Started GET "/" for 127.0.0.1 at 2014-01-13 10:04:05 -0500
Processing by PassesController#index as HTML
Completed 500 Internal Server Error in 0.4ms

NoMethodError (undefined method `gsub' for nil:NilClass):
  app/controllers/passes_controller.rb:10:in `index'


  Rendered /usr/local/rvm/gems/ruby-2.0.0-p353@wdi-block/gems/actionpack-3.2.16/lib/action_dispatch/middleware/templates/rescues/_trace.erb (1.2ms)
  Rendered /usr/local/rvm/gems/ruby-2.0.0-p353@wdi-block/gems/actionpack-3.2.16/lib/action_dispatch/middleware/templates/rescues/_request_and_response.erb (0.9ms)
  Rendered /usr/local/rvm/gems/ruby-2.0.0-p353@wdi-block/gems/actionpack-3.2.16/lib/action_dispatch/middleware/templates/rescues/diagnostics.erb within rescues/layout (7.8ms)


Started GET "/" for 127.0.0.1 at 2014-01-13 10:04:27 -0500
Connecting to database specified by database.yml
Processing by PassesController#index as HTML
Completed 500 Internal Server Error in 94519.5ms

NoMethodError (undefined method `gsub' for nil:NilClass):
  app/controllers/passes_controller.rb:10:in `index'


  Rendered /usr/local/rvm/gems/ruby-2.0.0-p353@wdi-block/gems/actionpack-3.2.16/lib/action_dispatch/middleware/templates/rescues/_trace.erb (2.0ms)
  Rendered /usr/local/rvm/gems/ruby-2.0.0-p353@wdi-block/gems/actionpack-3.2.16/lib/action_dispatch/middleware/templates/rescues/_request_and_response.erb (1.0ms)
  Rendered /usr/local/rvm/gems/ruby-2.0.0-p353@wdi-block/gems/actionpack-3.2.16/lib/action_dispatch/middleware/templates/rescues/diagnostics.erb within rescues/layout (12.8ms)


Started GET "/" for 127.0.0.1 at 2014-01-13 10:06:02 -0500
Processing by PassesController#index as HTML
Completed 500 Internal Server Error in 0.4ms

NoMethodError (undefined method `gsub' for nil:NilClass):
  app/controllers/passes_controller.rb:10:in `index'


  Rendered /usr/local/rvm/gems/ruby-2.0.0-p353@wdi-block/gems/actionpack-3.2.16/lib/action_dispatch/middleware/templates/rescues/_trace.erb (1.4ms)
  Rendered /usr/local/rvm/gems/ruby-2.0.0-p353@wdi-block/gems/actionpack-3.2.16/lib/action_dispatch/middleware/templates/rescues/_request_and_response.erb (1.0ms)
  Rendered /usr/local/rvm/gems/ruby-2.0.0-p353@wdi-block/gems/actionpack-3.2.16/lib/action_dispatch/middleware/templates/rescues/diagnostics.erb within rescues/layout (9.3ms)


Started GET "/" for 127.0.0.1 at 2014-01-13 10:06:02 -0500
Processing by PassesController#index as HTML
Completed 500 Internal Server Error in 0.2ms

NoMethodError (undefined method `gsub' for nil:NilClass):
  app/controllers/passes_controller.rb:10:in `index'


  Rendered /usr/local/rvm/gems/ruby-2.0.0-p353@wdi-block/gems/actionpack-3.2.16/lib/action_dispatch/middleware/templates/rescues/_trace.erb (1.4ms)
  Rendered /usr/local/rvm/gems/ruby-2.0.0-p353@wdi-block/gems/actionpack-3.2.16/lib/action_dispatch/middleware/templates/rescues/_request_and_response.erb (0.9ms)
  Rendered /usr/local/rvm/gems/ruby-2.0.0-p353@wdi-block/gems/actionpack-3.2.16/lib/action_dispatch/middleware/templates/rescues/diagnostics.erb within rescues/layout (9.2ms)


Started GET "/" for 127.0.0.1 at 2014-01-13 10:06:02 -0500
Processing by PassesController#index as HTML
Completed 500 Internal Server Error in 0.2ms

NoMethodError (undefined method `gsub' for nil:NilClass):
  app/controllers/passes_controller.rb:10:in `index'


  Rendered /usr/local/rvm/gems/ruby-2.0.0-p353@wdi-block/gems/actionpack-3.2.16/lib/action_dispatch/middleware/templates/rescues/_trace.erb (1.4ms)
  Rendered /usr/local/rvm/gems/ruby-2.0.0-p353@wdi-block/gems/actionpack-3.2.16/lib/action_dispatch/middleware/templates/rescues/_request_and_response.erb (1.0ms)
  Rendered /usr/local/rvm/gems/ruby-2.0.0-p353@wdi-block/gems/actionpack-3.2.16/lib/action_dispatch/middleware/templates/rescues/diagnostics.erb within rescues/layout (8.7ms)


Started GET "/" for 127.0.0.1 at 2014-01-13 10:06:02 -0500
Processing by PassesController#index as HTML
Completed 500 Internal Server Error in 0.2ms

NoMethodError (undefined method `gsub' for nil:NilClass):
  app/controllers/passes_controller.rb:10:in `index'


  Rendered /usr/local/rvm/gems/ruby-2.0.0-p353@wdi-block/gems/actionpack-3.2.16/lib/action_dispatch/middleware/templates/rescues/_trace.erb (1.4ms)
  Rendered /usr/local/rvm/gems/ruby-2.0.0-p353@wdi-block/gems/actionpack-3.2.16/lib/action_dispatch/middleware/templates/rescues/_request_and_response.erb (0.9ms)
  Rendered /usr/local/rvm/gems/ruby-2.0.0-p353@wdi-block/gems/actionpack-3.2.16/lib/action_dispatch/middleware/templates/rescues/diagnostics.erb within rescues/layout (9.1ms)


Started GET "/" for 127.0.0.1 at 2014-01-13 10:06:02 -0500
Processing by PassesController#index as HTML
Completed 500 Internal Server Error in 0.2ms

NoMethodError (undefined method `gsub' for nil:NilClass):
  app/controllers/passes_controller.rb:10:in `index'


  Rendered /usr/local/rvm/gems/ruby-2.0.0-p353@wdi-block/gems/actionpack-3.2.16/lib/action_dispatch/middleware/templates/rescues/_trace.erb (1.6ms)
  Rendered /usr/local/rvm/gems/ruby-2.0.0-p353@wdi-block/gems/actionpack-3.2.16/lib/action_dispatch/middleware/templates/rescues/_request_and_response.erb (0.9ms)
  Rendered /usr/local/rvm/gems/ruby-2.0.0-p353@wdi-block/gems/actionpack-3.2.16/lib/action_dispatch/middleware/templates/rescues/diagnostics.erb within rescues/layout (8.9ms)


Started GET "/" for 127.0.0.1 at 2014-01-13 10:06:06 -0500
Processing by PassesController#index as HTML
Completed 500 Internal Server Error in 0.4ms

NoMethodError (undefined method `gsub' for nil:NilClass):
  app/controllers/passes_controller.rb:10:in `index'


  Rendered /usr/local/rvm/gems/ruby-2.0.0-p353@wdi-block/gems/actionpack-3.2.16/lib/action_dispatch/middleware/templates/rescues/_trace.erb (1.3ms)
  Rendered /usr/local/rvm/gems/ruby-2.0.0-p353@wdi-block/gems/actionpack-3.2.16/lib/action_dispatch/middleware/templates/rescues/_request_and_response.erb (0.9ms)
  Rendered /usr/local/rvm/gems/ruby-2.0.0-p353@wdi-block/gems/actionpack-3.2.16/lib/action_dispatch/middleware/templates/rescues/diagnostics.erb within rescues/layout (7.8ms)
Connecting to database specified by database.yml
Connecting to database specified by database.yml
Connecting to database specified by database.yml
  [1m[36m (1.1ms)[0m  [1mSELECT "schema_migrations"."version" FROM "schema_migrations" [0m
Migrating to CreatePasses (20140113003456)
Migrating to CreateUsers (20140113152429)
  [1m[35m (0.1ms)[0m  BEGIN
  [1m[36m (17.9ms)[0m  [1mCREATE TABLE "users" ("id" serial primary key, "name" character varying(255), "email" character varying(255), "phone_number" character varying(255), "address" character varying(255), "created_at" timestamp NOT NULL, "updated_at" timestamp NOT NULL) [0m
  [1m[35m (1.2ms)[0m  INSERT INTO "schema_migrations" ("version") VALUES ('20140113152429')
  [1m[36m (0.7ms)[0m  [1mCOMMIT[0m
  [1m[35m (0.3ms)[0m  SELECT "schema_migrations"."version" FROM "schema_migrations" 
