# Logfile created on 2014-01-13 15:30:35 -0500 by logger.rb/41954
I, [2014-01-13T15:30:35.398038 #21869]  INFO -- : 0:  rake (10.1.1) from /usr/local/rvm/gems/ruby-2.0.0-p353@wdi-block/specifications/rake-10.1.1.gemspec
I, [2014-01-13T15:30:35.398490 #21869]  INFO -- : 0:  i18n (0.6.9) from /usr/local/rvm/gems/ruby-2.0.0-p353@wdi-block/specifications/i18n-0.6.9.gemspec
I, [2014-01-13T15:30:35.398911 #21869]  INFO -- : 0:  multi_json (1.8.4) from /usr/local/rvm/gems/ruby-2.0.0-p353@wdi-block/specifications/multi_json-1.8.4.gemspec
I, [2014-01-13T15:30:35.399286 #21869]  INFO -- : 0:  activesupport (3.2.16) from /usr/local/rvm/gems/ruby-2.0.0-p353@wdi-block/specifications/activesupport-3.2.16.gemspec
I, [2014-01-13T15:30:35.399644 #21869]  INFO -- : 0:  builder (3.0.4) from /usr/local/rvm/gems/ruby-2.0.0-p353@wdi-block/specifications/builder-3.0.4.gemspec
I, [2014-01-13T15:30:35.400006 #21869]  INFO -- : 0:  activemodel (3.2.16) from /usr/local/rvm/gems/ruby-2.0.0-p353@wdi-block/specifications/activemodel-3.2.16.gemspec
I, [2014-01-13T15:30:35.400353 #21869]  INFO -- : 0:  erubis (2.7.0) from /usr/local/rvm/gems/ruby-2.0.0-p353@wdi-block/specifications/erubis-2.7.0.gemspec
I, [2014-01-13T15:30:35.400693 #21869]  INFO -- : 0:  journey (1.0.4) from /usr/local/rvm/gems/ruby-2.0.0-p353@wdi-block/specifications/journey-1.0.4.gemspec
I, [2014-01-13T15:30:35.401039 #21869]  INFO -- : 0:  rack (1.4.5) from /usr/local/rvm/gems/ruby-2.0.0-p353@wdi-block/specifications/rack-1.4.5.gemspec
I, [2014-01-13T15:30:35.401393 #21869]  INFO -- : 0:  rack-cache (1.2) from /usr/local/rvm/gems/ruby-2.0.0-p353@wdi-block/specifications/rack-cache-1.2.gemspec
I, [2014-01-13T15:30:35.401736 #21869]  INFO -- : 0:  rack-test (0.6.2) from /usr/local/rvm/gems/ruby-2.0.0-p353@wdi-block/specifications/rack-test-0.6.2.gemspec
I, [2014-01-13T15:30:35.402073 #21869]  INFO -- : 0:  hike (1.2.3) from /usr/local/rvm/gems/ruby-2.0.0-p353@wdi-block/specifications/hike-1.2.3.gemspec
I, [2014-01-13T15:30:35.402411 #21869]  INFO -- : 0:  tilt (1.4.1) from /usr/local/rvm/gems/ruby-2.0.0-p353@wdi-block/specifications/tilt-1.4.1.gemspec
I, [2014-01-13T15:30:35.402754 #21869]  INFO -- : 0:  sprockets (2.2.2) from /usr/local/rvm/gems/ruby-2.0.0-p353@wdi-block/specifications/sprockets-2.2.2.gemspec
I, [2014-01-13T15:30:35.403100 #21869]  INFO -- : 0:  actionpack (3.2.16) from /usr/local/rvm/gems/ruby-2.0.0-p353@wdi-block/specifications/actionpack-3.2.16.gemspec
I, [2014-01-13T15:30:35.403443 #21869]  INFO -- : 0:  mime-types (1.25.1) from /usr/local/rvm/gems/ruby-2.0.0-p353@wdi-block/specifications/mime-types-1.25.1.gemspec
I, [2014-01-13T15:30:35.403802 #21869]  INFO -- : 0:  polyglot (0.3.3) from /usr/local/rvm/gems/ruby-2.0.0-p353@wdi-block/specifications/polyglot-0.3.3.gemspec
I, [2014-01-13T15:30:35.404142 #21869]  INFO -- : 0:  treetop (1.4.15) from /usr/local/rvm/gems/ruby-2.0.0-p353@wdi-block/specifications/treetop-1.4.15.gemspec
I, [2014-01-13T15:30:35.404483 #21869]  INFO -- : 0:  mail (2.5.4) from /usr/local/rvm/gems/ruby-2.0.0-p353@wdi-block/specifications/mail-2.5.4.gemspec
I, [2014-01-13T15:30:35.404817 #21869]  INFO -- : 0:  actionmailer (3.2.16) from /usr/local/rvm/gems/ruby-2.0.0-p353@wdi-block/specifications/actionmailer-3.2.16.gemspec
I, [2014-01-13T15:30:35.405139 #21869]  INFO -- : 0:  arel (3.0.3) from /usr/local/rvm/gems/ruby-2.0.0-p353@wdi-block/specifications/arel-3.0.3.gemspec
I, [2014-01-13T15:30:35.405461 #21869]  INFO -- : 0:  tzinfo (0.3.38) from /usr/local/rvm/gems/ruby-2.0.0-p353@wdi-block/specifications/tzinfo-0.3.38.gemspec
I, [2014-01-13T15:30:35.405795 #21869]  INFO -- : 0:  activerecord (3.2.16) from /usr/local/rvm/gems/ruby-2.0.0-p353@wdi-block/specifications/activerecord-3.2.16.gemspec
I, [2014-01-13T15:30:35.406126 #21869]  INFO -- : 0:  activeresource (3.2.16) from /usr/local/rvm/gems/ruby-2.0.0-p353@wdi-block/specifications/activeresource-3.2.16.gemspec
I, [2014-01-13T15:30:35.406446 #21869]  INFO -- : 0:  mini_portile (0.5.2) from /usr/local/rvm/gems/ruby-2.0.0-p353@wdi-block/specifications/mini_portile-0.5.2.gemspec
I, [2014-01-13T15:30:35.406772 #21869]  INFO -- : 0:  nokogiri (1.6.1) from /usr/local/rvm/gems/ruby-2.0.0-p353@wdi-block/specifications/nokogiri-1.6.1.gemspec
I, [2014-01-13T15:30:35.407105 #21869]  INFO -- : 0:  xpath (2.0.0) from /usr/local/rvm/gems/ruby-2.0.0-p353@wdi-block/specifications/xpath-2.0.0.gemspec
I, [2014-01-13T15:30:35.407380 #21869]  INFO -- : 0:  capybara (2.2.1) from /usr/local/rvm/gems/ruby-2.0.0-p353@wdi-block/specifications/capybara-2.2.1.gemspec
I, [2014-01-13T15:30:35.407702 #21869]  INFO -- : 0:  coderay (1.1.0) from /usr/local/rvm/gems/ruby-2.0.0-p353@wdi-block/specifications/coderay-1.1.0.gemspec
I, [2014-01-13T15:30:35.408192 #21869]  INFO -- : 0:  coffee-script-source (1.6.3) from /usr/local/rvm/gems/ruby-2.0.0-p353@wdi-block/specifications/coffee-script-source-1.6.3.gemspec
I, [2014-01-13T15:30:35.408553 #21869]  INFO -- : 0:  execjs (2.0.2) from /usr/local/rvm/gems/ruby-2.0.0-p353@wdi-block/specifications/execjs-2.0.2.gemspec
I, [2014-01-13T15:30:35.408871 #21869]  INFO -- : 0:  coffee-script (2.2.0) from /usr/local/rvm/gems/ruby-2.0.0-p353@wdi-block/specifications/coffee-script-2.2.0.gemspec
I, [2014-01-13T15:30:35.409185 #21869]  INFO -- : 0:  rack-ssl (1.3.3) from /usr/local/rvm/gems/ruby-2.0.0-p353@wdi-block/specifications/rack-ssl-1.3.3.gemspec
I, [2014-01-13T15:30:35.409497 #21869]  INFO -- : 0:  json (1.8.1) from /usr/local/rvm/gems/ruby-2.0.0-p353@wdi-block/specifications/json-1.8.1.gemspec
I, [2014-01-13T15:30:35.409797 #21869]  INFO -- : 0:  rdoc (3.12.2) from /usr/local/rvm/gems/ruby-2.0.0-p353@wdi-block/specifications/rdoc-3.12.2.gemspec
I, [2014-01-13T15:30:35.410115 #21869]  INFO -- : 0:  thor (0.18.1) from /usr/local/rvm/gems/ruby-2.0.0-p353@wdi-block/specifications/thor-0.18.1.gemspec
I, [2014-01-13T15:30:35.410424 #21869]  INFO -- : 0:  railties (3.2.16) from /usr/local/rvm/gems/ruby-2.0.0-p353@wdi-block/specifications/railties-3.2.16.gemspec
I, [2014-01-13T15:30:35.410772 #21869]  INFO -- : 0:  coffee-rails (3.2.2) from /usr/local/rvm/gems/ruby-2.0.0-p353@wdi-block/specifications/coffee-rails-3.2.2.gemspec
I, [2014-01-13T15:30:35.411055 #21869]  INFO -- : 0:  diff-lcs (1.2.5) from /usr/local/rvm/gems/ruby-2.0.0-p353@wdi-block/specifications/diff-lcs-1.2.5.gemspec
I, [2014-01-13T15:30:35.411384 #21869]  INFO -- : 0:  multi_xml (0.5.5) from /usr/local/rvm/gems/ruby-2.0.0-p353@wdi-block/specifications/multi_xml-0.5.5.gemspec
I, [2014-01-13T15:30:35.411760 #21869]  INFO -- : 0:  httparty (0.12.0) from /usr/local/rvm/gems/ruby-2.0.0-p353@wdi-block/specifications/httparty-0.12.0.gemspec
I, [2014-01-13T15:30:35.412110 #21869]  INFO -- : 0:  jquery-rails (3.0.4) from /usr/local/rvm/gems/ruby-2.0.0-p353@wdi-block/specifications/jquery-rails-3.0.4.gemspec
I, [2014-01-13T15:30:35.412410 #21869]  INFO -- : 0:  method_source (0.8.2) from /usr/local/rvm/gems/ruby-2.0.0-p353@wdi-block/specifications/method_source-0.8.2.gemspec
I, [2014-01-13T15:30:35.412703 #21869]  INFO -- : 0:  pg (0.17.1) from /usr/local/rvm/gems/ruby-2.0.0-p353@wdi-block/specifications/pg-0.17.1.gemspec
I, [2014-01-13T15:30:35.413006 #21869]  INFO -- : 0:  slop (3.4.7) from /usr/local/rvm/gems/ruby-2.0.0-p353@wdi-block/specifications/slop-3.4.7.gemspec
I, [2014-01-13T15:30:35.413339 #21869]  INFO -- : 0:  pry (0.9.12.4) from /usr/local/rvm/gems/ruby-2.0.0-p353@wdi-block/specifications/pry-0.9.12.4.gemspec
I, [2014-01-13T15:30:35.413667 #21869]  INFO -- : 0:  pry-rails (0.3.2) from /usr/local/rvm/gems/ruby-2.0.0-p353@wdi-block/specifications/pry-rails-0.3.2.gemspec
I, [2014-01-13T15:30:35.414029 #21869]  INFO -- : 0:  bundler (1.5.1) from /usr/local/rvm/gems/ruby-2.0.0-p353@global/specifications/bundler-1.5.1.gemspec
I, [2014-01-13T15:30:35.414380 #21869]  INFO -- : 0:  rails (3.2.16) from /usr/local/rvm/gems/ruby-2.0.0-p353@wdi-block/specifications/rails-3.2.16.gemspec
I, [2014-01-13T15:30:35.414714 #21869]  INFO -- : 0:  rspec-core (2.14.7) from /usr/local/rvm/gems/ruby-2.0.0-p353@wdi-block/specifications/rspec-core-2.14.7.gemspec
I, [2014-01-13T15:30:35.415045 #21869]  INFO -- : 0:  rspec-expectations (2.14.4) from /usr/local/rvm/gems/ruby-2.0.0-p353@wdi-block/specifications/rspec-expectations-2.14.4.gemspec
I, [2014-01-13T15:30:35.415389 #21869]  INFO -- : 0:  rspec-mocks (2.14.4) from /usr/local/rvm/gems/ruby-2.0.0-p353@wdi-block/specifications/rspec-mocks-2.14.4.gemspec
I, [2014-01-13T15:30:35.415712 #21869]  INFO -- : 0:  rspec (2.14.1) from /usr/local/rvm/gems/ruby-2.0.0-p353@wdi-block/specifications/rspec-2.14.1.gemspec
I, [2014-01-13T15:30:35.416040 #21869]  INFO -- : 0:  rspec-rails (2.14.1) from /usr/local/rvm/gems/ruby-2.0.0-p353@wdi-block/specifications/rspec-rails-2.14.1.gemspec
I, [2014-01-13T15:30:35.416365 #21869]  INFO -- : 0:  sass (3.2.13) from /usr/local/rvm/gems/ruby-2.0.0-p353@wdi-block/specifications/sass-3.2.13.gemspec
I, [2014-01-13T15:30:35.416697 #21869]  INFO -- : 0:  sass-rails (3.2.6) from /usr/local/rvm/gems/ruby-2.0.0-p353@wdi-block/specifications/sass-rails-3.2.6.gemspec
I, [2014-01-13T15:30:35.417044 #21869]  INFO -- : 0:  uglifier (2.4.0) from /usr/local/rvm/gems/ruby-2.0.0-p353@wdi-block/specifications/uglifier-2.4.0.gemspec
I, [2014-01-13T19:33:34.134140 #27739]  INFO -- : 0:  rake (10.1.1) from /usr/local/rvm/gems/ruby-2.0.0-p353@wdi-block/specifications/rake-10.1.1.gemspec
I, [2014-01-13T19:33:34.134927 #27739]  INFO -- : 0:  i18n (0.6.9) from /usr/local/rvm/gems/ruby-2.0.0-p353@wdi-block/specifications/i18n-0.6.9.gemspec
I, [2014-01-13T19:33:34.135218 #27739]  INFO -- : 0:  multi_json (1.8.4) from /usr/local/rvm/gems/ruby-2.0.0-p353@wdi-block/specifications/multi_json-1.8.4.gemspec
I, [2014-01-13T19:33:34.135495 #27739]  INFO -- : 0:  activesupport (3.2.16) from /usr/local/rvm/gems/ruby-2.0.0-p353@wdi-block/specifications/activesupport-3.2.16.gemspec
I, [2014-01-13T19:33:34.135756 #27739]  INFO -- : 0:  builder (3.0.4) from /usr/local/rvm/gems/ruby-2.0.0-p353@wdi-block/specifications/builder-3.0.4.gemspec
I, [2014-01-13T19:33:34.136111 #27739]  INFO -- : 0:  activemodel (3.2.16) from /usr/local/rvm/gems/ruby-2.0.0-p353@wdi-block/specifications/activemodel-3.2.16.gemspec
I, [2014-01-13T19:33:34.136379 #27739]  INFO -- : 0:  erubis (2.7.0) from /usr/local/rvm/gems/ruby-2.0.0-p353@wdi-block/specifications/erubis-2.7.0.gemspec
I, [2014-01-13T19:33:34.136635 #27739]  INFO -- : 0:  journey (1.0.4) from /usr/local/rvm/gems/ruby-2.0.0-p353@wdi-block/specifications/journey-1.0.4.gemspec
I, [2014-01-13T19:33:34.136887 #27739]  INFO -- : 0:  rack (1.4.5) from /usr/local/rvm/gems/ruby-2.0.0-p353@wdi-block/specifications/rack-1.4.5.gemspec
I, [2014-01-13T19:33:34.137139 #27739]  INFO -- : 0:  rack-cache (1.2) from /usr/local/rvm/gems/ruby-2.0.0-p353@wdi-block/specifications/rack-cache-1.2.gemspec
I, [2014-01-13T19:33:34.137390 #27739]  INFO -- : 0:  rack-test (0.6.2) from /usr/local/rvm/gems/ruby-2.0.0-p353@wdi-block/specifications/rack-test-0.6.2.gemspec
I, [2014-01-13T19:33:34.137641 #27739]  INFO -- : 0:  hike (1.2.3) from /usr/local/rvm/gems/ruby-2.0.0-p353@wdi-block/specifications/hike-1.2.3.gemspec
I, [2014-01-13T19:33:34.137890 #27739]  INFO -- : 0:  tilt (1.4.1) from /usr/local/rvm/gems/ruby-2.0.0-p353@wdi-block/specifications/tilt-1.4.1.gemspec
I, [2014-01-13T19:33:34.138147 #27739]  INFO -- : 0:  sprockets (2.2.2) from /usr/local/rvm/gems/ruby-2.0.0-p353@wdi-block/specifications/sprockets-2.2.2.gemspec
I, [2014-01-13T19:33:34.138405 #27739]  INFO -- : 0:  actionpack (3.2.16) from /usr/local/rvm/gems/ruby-2.0.0-p353@wdi-block/specifications/actionpack-3.2.16.gemspec
I, [2014-01-13T19:33:34.138656 #27739]  INFO -- : 0:  mime-types (1.25.1) from /usr/local/rvm/gems/ruby-2.0.0-p353@wdi-block/specifications/mime-types-1.25.1.gemspec
I, [2014-01-13T19:33:34.138990 #27739]  INFO -- : 0:  polyglot (0.3.3) from /usr/local/rvm/gems/ruby-2.0.0-p353@wdi-block/specifications/polyglot-0.3.3.gemspec
I, [2014-01-13T19:33:34.139396 #27739]  INFO -- : 0:  treetop (1.4.15) from /usr/local/rvm/gems/ruby-2.0.0-p353@wdi-block/specifications/treetop-1.4.15.gemspec
I, [2014-01-13T19:33:34.139847 #27739]  INFO -- : 0:  mail (2.5.4) from /usr/local/rvm/gems/ruby-2.0.0-p353@wdi-block/specifications/mail-2.5.4.gemspec
I, [2014-01-13T19:33:34.140312 #27739]  INFO -- : 0:  actionmailer (3.2.16) from /usr/local/rvm/gems/ruby-2.0.0-p353@wdi-block/specifications/actionmailer-3.2.16.gemspec
I, [2014-01-13T19:33:34.140681 #27739]  INFO -- : 0:  arel (3.0.3) from /usr/local/rvm/gems/ruby-2.0.0-p353@wdi-block/specifications/arel-3.0.3.gemspec
I, [2014-01-13T19:33:34.141007 #27739]  INFO -- : 0:  tzinfo (0.3.38) from /usr/local/rvm/gems/ruby-2.0.0-p353@wdi-block/specifications/tzinfo-0.3.38.gemspec
I, [2014-01-13T19:33:34.141340 #27739]  INFO -- : 0:  activerecord (3.2.16) from /usr/local/rvm/gems/ruby-2.0.0-p353@wdi-block/specifications/activerecord-3.2.16.gemspec
I, [2014-01-13T19:33:34.141669 #27739]  INFO -- : 0:  activeresource (3.2.16) from /usr/local/rvm/gems/ruby-2.0.0-p353@wdi-block/specifications/activeresource-3.2.16.gemspec
I, [2014-01-13T19:33:34.142075 #27739]  INFO -- : 0:  bundler (1.5.1) from /usr/local/rvm/gems/ruby-2.0.0-p353@global/specifications/bundler-1.5.1.gemspec
I, [2014-01-13T19:33:34.142361 #27739]  INFO -- : 0:  mini_portile (0.5.2) from /usr/local/rvm/gems/ruby-2.0.0-p353@wdi-block/specifications/mini_portile-0.5.2.gemspec
I, [2014-01-13T19:33:34.142690 #27739]  INFO -- : 0:  nokogiri (1.6.1) from /usr/local/rvm/gems/ruby-2.0.0-p353@wdi-block/specifications/nokogiri-1.6.1.gemspec
I, [2014-01-13T19:33:34.143014 #27739]  INFO -- : 0:  xpath (2.0.0) from /usr/local/rvm/gems/ruby-2.0.0-p353@wdi-block/specifications/xpath-2.0.0.gemspec
I, [2014-01-13T19:33:34.143337 #27739]  INFO -- : 0:  capybara (2.2.1) from /usr/local/rvm/gems/ruby-2.0.0-p353@wdi-block/specifications/capybara-2.2.1.gemspec
I, [2014-01-13T19:33:34.143656 #27739]  INFO -- : 0:  coderay (1.1.0) from /usr/local/rvm/gems/ruby-2.0.0-p353@wdi-block/specifications/coderay-1.1.0.gemspec
I, [2014-01-13T19:33:34.143985 #27739]  INFO -- : 0:  coffee-script-source (1.6.3) from /usr/local/rvm/gems/ruby-2.0.0-p353@wdi-block/specifications/coffee-script-source-1.6.3.gemspec
I, [2014-01-13T19:33:34.144311 #27739]  INFO -- : 0:  execjs (2.0.2) from /usr/local/rvm/gems/ruby-2.0.0-p353@wdi-block/specifications/execjs-2.0.2.gemspec
I, [2014-01-13T19:33:34.144726 #27739]  INFO -- : 0:  coffee-script (2.2.0) from /usr/local/rvm/gems/ruby-2.0.0-p353@wdi-block/specifications/coffee-script-2.2.0.gemspec
I, [2014-01-13T19:33:34.145255 #27739]  INFO -- : 0:  rack-ssl (1.3.3) from /usr/local/rvm/gems/ruby-2.0.0-p353@wdi-block/specifications/rack-ssl-1.3.3.gemspec
I, [2014-01-13T19:33:34.145741 #27739]  INFO -- : 0:  json (1.8.1) from /usr/local/rvm/gems/ruby-2.0.0-p353@wdi-block/specifications/json-1.8.1.gemspec
I, [2014-01-13T19:33:34.146225 #27739]  INFO -- : 0:  rdoc (3.12.2) from /usr/local/rvm/gems/ruby-2.0.0-p353@wdi-block/specifications/rdoc-3.12.2.gemspec
I, [2014-01-13T19:33:34.146660 #27739]  INFO -- : 0:  thor (0.18.1) from /usr/local/rvm/gems/ruby-2.0.0-p353@wdi-block/specifications/thor-0.18.1.gemspec
I, [2014-01-13T19:33:34.146986 #27739]  INFO -- : 0:  railties (3.2.16) from /usr/local/rvm/gems/ruby-2.0.0-p353@wdi-block/specifications/railties-3.2.16.gemspec
I, [2014-01-13T19:33:34.147300 #27739]  INFO -- : 0:  coffee-rails (3.2.2) from /usr/local/rvm/gems/ruby-2.0.0-p353@wdi-block/specifications/coffee-rails-3.2.2.gemspec
I, [2014-01-13T19:33:34.147618 #27739]  INFO -- : 0:  diff-lcs (1.2.5) from /usr/local/rvm/gems/ruby-2.0.0-p353@wdi-block/specifications/diff-lcs-1.2.5.gemspec
I, [2014-01-13T19:33:34.177945 #27739]  INFO -- : 0:  multipart-post (1.2.0) from /usr/local/rvm/gems/ruby-2.0.0-p353@wdi-block/specifications/multipart-post-1.2.0.gemspec
I, [2014-01-13T19:33:35.573292 #27739]  INFO -- : 0:  faraday (0.8.9) from /usr/local/rvm/gems/ruby-2.0.0-p353@wdi-block/specifications/faraday-0.8.9.gemspec
I, [2014-01-13T19:33:36.095596 #27739]  INFO -- : 0:  faraday_middleware (0.9.0) from /usr/local/rvm/gems/ruby-2.0.0-p353@wdi-block/specifications/faraday_middleware-0.9.0.gemspec
I, [2014-01-13T19:33:37.125940 #27739]  INFO -- : 0:  hashie (2.0.5) from /usr/local/rvm/gems/ruby-2.0.0-p353@wdi-block/specifications/hashie-2.0.5.gemspec
I, [2014-01-13T19:33:38.327974 #27739]  INFO -- : 0:  foursquare2 (1.9.8) from /usr/local/rvm/gems/ruby-2.0.0-p353@wdi-block/specifications/foursquare2-1.9.8.gemspec
I, [2014-01-13T19:33:38.328716 #27739]  INFO -- : 0:  multi_xml (0.5.5) from /usr/local/rvm/gems/ruby-2.0.0-p353@wdi-block/specifications/multi_xml-0.5.5.gemspec
I, [2014-01-13T19:33:38.329271 #27739]  INFO -- : 0:  httparty (0.12.0) from /usr/local/rvm/gems/ruby-2.0.0-p353@wdi-block/specifications/httparty-0.12.0.gemspec
I, [2014-01-13T19:33:38.329758 #27739]  INFO -- : 0:  jquery-rails (3.0.4) from /usr/local/rvm/gems/ruby-2.0.0-p353@wdi-block/specifications/jquery-rails-3.0.4.gemspec
I, [2014-01-13T19:33:38.330087 #27739]  INFO -- : 0:  method_source (0.8.2) from /usr/local/rvm/gems/ruby-2.0.0-p353@wdi-block/specifications/method_source-0.8.2.gemspec
I, [2014-01-13T19:33:38.330690 #27739]  INFO -- : 0:  pg (0.17.1) from /usr/local/rvm/gems/ruby-2.0.0-p353@wdi-block/specifications/pg-0.17.1.gemspec
I, [2014-01-13T19:33:38.331308 #27739]  INFO -- : 0:  slop (3.4.7) from /usr/local/rvm/gems/ruby-2.0.0-p353@wdi-block/specifications/slop-3.4.7.gemspec
I, [2014-01-13T19:33:38.331830 #27739]  INFO -- : 0:  pry (0.9.12.4) from /usr/local/rvm/gems/ruby-2.0.0-p353@wdi-block/specifications/pry-0.9.12.4.gemspec
I, [2014-01-13T19:33:38.332249 #27739]  INFO -- : 0:  pry-rails (0.3.2) from /usr/local/rvm/gems/ruby-2.0.0-p353@wdi-block/specifications/pry-rails-0.3.2.gemspec
I, [2014-01-13T19:33:38.332791 #27739]  INFO -- : 0:  rails (3.2.16) from /usr/local/rvm/gems/ruby-2.0.0-p353@wdi-block/specifications/rails-3.2.16.gemspec
I, [2014-01-13T19:33:38.333284 #27739]  INFO -- : 0:  rspec-core (2.14.7) from /usr/local/rvm/gems/ruby-2.0.0-p353@wdi-block/specifications/rspec-core-2.14.7.gemspec
I, [2014-01-13T19:33:38.333788 #27739]  INFO -- : 0:  rspec-expectations (2.14.4) from /usr/local/rvm/gems/ruby-2.0.0-p353@wdi-block/specifications/rspec-expectations-2.14.4.gemspec
I, [2014-01-13T19:33:38.334276 #27739]  INFO -- : 0:  rspec-mocks (2.14.4) from /usr/local/rvm/gems/ruby-2.0.0-p353@wdi-block/specifications/rspec-mocks-2.14.4.gemspec
I, [2014-01-13T19:33:38.334782 #27739]  INFO -- : 0:  rspec (2.14.1) from /usr/local/rvm/gems/ruby-2.0.0-p353@wdi-block/specifications/rspec-2.14.1.gemspec
I, [2014-01-13T19:33:38.335358 #27739]  INFO -- : 0:  rspec-rails (2.14.1) from /usr/local/rvm/gems/ruby-2.0.0-p353@wdi-block/specifications/rspec-rails-2.14.1.gemspec
I, [2014-01-13T19:33:38.335892 #27739]  INFO -- : 0:  sass (3.2.13) from /usr/local/rvm/gems/ruby-2.0.0-p353@wdi-block/specifications/sass-3.2.13.gemspec
I, [2014-01-13T19:33:38.336390 #27739]  INFO -- : 0:  sass-rails (3.2.6) from /usr/local/rvm/gems/ruby-2.0.0-p353@wdi-block/specifications/sass-rails-3.2.6.gemspec
I, [2014-01-13T19:33:38.337064 #27739]  INFO -- : 0:  uglifier (2.4.0) from /usr/local/rvm/gems/ruby-2.0.0-p353@wdi-block/specifications/uglifier-2.4.0.gemspec
I, [2014-01-13T22:07:53.630240 #30692]  INFO -- : 0:  rake (10.1.1) from /usr/local/rvm/gems/ruby-2.0.0-p353@wdi-block/specifications/rake-10.1.1.gemspec
I, [2014-01-13T22:07:53.631082 #30692]  INFO -- : 0:  i18n (0.6.9) from /usr/local/rvm/gems/ruby-2.0.0-p353@wdi-block/specifications/i18n-0.6.9.gemspec
I, [2014-01-13T22:07:53.631442 #30692]  INFO -- : 0:  multi_json (1.8.4) from /usr/local/rvm/gems/ruby-2.0.0-p353@wdi-block/specifications/multi_json-1.8.4.gemspec
I, [2014-01-13T22:07:53.631775 #30692]  INFO -- : 0:  activesupport (3.2.16) from /usr/local/rvm/gems/ruby-2.0.0-p353@wdi-block/specifications/activesupport-3.2.16.gemspec
I, [2014-01-13T22:07:53.632091 #30692]  INFO -- : 0:  builder (3.0.4) from /usr/local/rvm/gems/ruby-2.0.0-p353@wdi-block/specifications/builder-3.0.4.gemspec
I, [2014-01-13T22:07:53.632414 #30692]  INFO -- : 0:  activemodel (3.2.16) from /usr/local/rvm/gems/ruby-2.0.0-p353@wdi-block/specifications/activemodel-3.2.16.gemspec
I, [2014-01-13T22:07:53.632725 #30692]  INFO -- : 0:  erubis (2.7.0) from /usr/local/rvm/gems/ruby-2.0.0-p353@wdi-block/specifications/erubis-2.7.0.gemspec
I, [2014-01-13T22:07:53.633019 #30692]  INFO -- : 0:  journey (1.0.4) from /usr/local/rvm/gems/ruby-2.0.0-p353@wdi-block/specifications/journey-1.0.4.gemspec
I, [2014-01-13T22:07:53.633329 #30692]  INFO -- : 0:  rack (1.4.5) from /usr/local/rvm/gems/ruby-2.0.0-p353@wdi-block/specifications/rack-1.4.5.gemspec
I, [2014-01-13T22:07:53.633764 #30692]  INFO -- : 0:  rack-cache (1.2) from /usr/local/rvm/gems/ruby-2.0.0-p353@wdi-block/specifications/rack-cache-1.2.gemspec
I, [2014-01-13T22:07:53.634108 #30692]  INFO -- : 0:  rack-test (0.6.2) from /usr/local/rvm/gems/ruby-2.0.0-p353@wdi-block/specifications/rack-test-0.6.2.gemspec
I, [2014-01-13T22:07:53.634401 #30692]  INFO -- : 0:  hike (1.2.3) from /usr/local/rvm/gems/ruby-2.0.0-p353@wdi-block/specifications/hike-1.2.3.gemspec
I, [2014-01-13T22:07:53.634688 #30692]  INFO -- : 0:  tilt (1.4.1) from /usr/local/rvm/gems/ruby-2.0.0-p353@wdi-block/specifications/tilt-1.4.1.gemspec
I, [2014-01-13T22:07:53.634984 #30692]  INFO -- : 0:  sprockets (2.2.2) from /usr/local/rvm/gems/ruby-2.0.0-p353@wdi-block/specifications/sprockets-2.2.2.gemspec
I, [2014-01-13T22:07:53.635281 #30692]  INFO -- : 0:  actionpack (3.2.16) from /usr/local/rvm/gems/ruby-2.0.0-p353@wdi-block/specifications/actionpack-3.2.16.gemspec
I, [2014-01-13T22:07:53.635588 #30692]  INFO -- : 0:  mime-types (1.25.1) from /usr/local/rvm/gems/ruby-2.0.0-p353@wdi-block/specifications/mime-types-1.25.1.gemspec
I, [2014-01-13T22:07:53.635893 #30692]  INFO -- : 0:  polyglot (0.3.3) from /usr/local/rvm/gems/ruby-2.0.0-p353@wdi-block/specifications/polyglot-0.3.3.gemspec
I, [2014-01-13T22:07:53.636186 #30692]  INFO -- : 0:  treetop (1.4.15) from /usr/local/rvm/gems/ruby-2.0.0-p353@wdi-block/specifications/treetop-1.4.15.gemspec
I, [2014-01-13T22:07:53.636558 #30692]  INFO -- : 0:  mail (2.5.4) from /usr/local/rvm/gems/ruby-2.0.0-p353@wdi-block/specifications/mail-2.5.4.gemspec
I, [2014-01-13T22:07:53.636883 #30692]  INFO -- : 0:  actionmailer (3.2.16) from /usr/local/rvm/gems/ruby-2.0.0-p353@wdi-block/specifications/actionmailer-3.2.16.gemspec
I, [2014-01-13T22:07:53.637265 #30692]  INFO -- : 0:  arel (3.0.3) from /usr/local/rvm/gems/ruby-2.0.0-p353@wdi-block/specifications/arel-3.0.3.gemspec
I, [2014-01-13T22:07:53.637732 #30692]  INFO -- : 0:  tzinfo (0.3.38) from /usr/local/rvm/gems/ruby-2.0.0-p353@wdi-block/specifications/tzinfo-0.3.38.gemspec
I, [2014-01-13T22:07:53.638100 #30692]  INFO -- : 0:  activerecord (3.2.16) from /usr/local/rvm/gems/ruby-2.0.0-p353@wdi-block/specifications/activerecord-3.2.16.gemspec
I, [2014-01-13T22:07:53.638445 #30692]  INFO -- : 0:  activeresource (3.2.16) from /usr/local/rvm/gems/ruby-2.0.0-p353@wdi-block/specifications/activeresource-3.2.16.gemspec
I, [2014-01-13T22:07:54.600539 #30692]  INFO -- : 0:  atomic (1.1.14) from /usr/local/rvm/gems/ruby-2.0.0-p353@wdi-block/specifications/atomic-1.1.14.gemspec
I, [2014-01-13T22:07:56.424450 #30692]  INFO -- : 0:  bcrypt-ruby (3.1.2) from /usr/local/rvm/gems/ruby-2.0.0-p353@wdi-block/specifications/bcrypt-ruby-3.1.2.gemspec
I, [2014-01-13T22:07:56.425483 #30692]  INFO -- : 0:  bundler (1.5.1) from /usr/local/rvm/gems/ruby-2.0.0-p353@global/specifications/bundler-1.5.1.gemspec
I, [2014-01-13T22:07:56.426101 #30692]  INFO -- : 0:  mini_portile (0.5.2) from /usr/local/rvm/gems/ruby-2.0.0-p353@wdi-block/specifications/mini_portile-0.5.2.gemspec
I, [2014-01-13T22:07:56.426919 #30692]  INFO -- : 0:  nokogiri (1.6.1) from /usr/local/rvm/gems/ruby-2.0.0-p353@wdi-block/specifications/nokogiri-1.6.1.gemspec
I, [2014-01-13T22:07:56.427735 #30692]  INFO -- : 0:  xpath (2.0.0) from /usr/local/rvm/gems/ruby-2.0.0-p353@wdi-block/specifications/xpath-2.0.0.gemspec
I, [2014-01-13T22:07:56.428295 #30692]  INFO -- : 0:  capybara (2.2.1) from /usr/local/rvm/gems/ruby-2.0.0-p353@wdi-block/specifications/capybara-2.2.1.gemspec
I, [2014-01-13T22:07:56.428877 #30692]  INFO -- : 0:  coderay (1.1.0) from /usr/local/rvm/gems/ruby-2.0.0-p353@wdi-block/specifications/coderay-1.1.0.gemspec
I, [2014-01-13T22:07:56.429410 #30692]  INFO -- : 0:  coffee-script-source (1.6.3) from /usr/local/rvm/gems/ruby-2.0.0-p353@wdi-block/specifications/coffee-script-source-1.6.3.gemspec
I, [2014-01-13T22:07:56.429965 #30692]  INFO -- : 0:  execjs (2.0.2) from /usr/local/rvm/gems/ruby-2.0.0-p353@wdi-block/specifications/execjs-2.0.2.gemspec
I, [2014-01-13T22:07:56.430435 #30692]  INFO -- : 0:  coffee-script (2.2.0) from /usr/local/rvm/gems/ruby-2.0.0-p353@wdi-block/specifications/coffee-script-2.2.0.gemspec
I, [2014-01-13T22:07:56.430862 #30692]  INFO -- : 0:  rack-ssl (1.3.3) from /usr/local/rvm/gems/ruby-2.0.0-p353@wdi-block/specifications/rack-ssl-1.3.3.gemspec
I, [2014-01-13T22:07:56.431452 #30692]  INFO -- : 0:  json (1.8.1) from /usr/local/rvm/gems/ruby-2.0.0-p353@wdi-block/specifications/json-1.8.1.gemspec
I, [2014-01-13T22:07:56.432229 #30692]  INFO -- : 0:  rdoc (3.12.2) from /usr/local/rvm/gems/ruby-2.0.0-p353@wdi-block/specifications/rdoc-3.12.2.gemspec
I, [2014-01-13T22:07:56.433045 #30692]  INFO -- : 0:  thor (0.18.1) from /usr/local/rvm/gems/ruby-2.0.0-p353@wdi-block/specifications/thor-0.18.1.gemspec
I, [2014-01-13T22:07:56.433825 #30692]  INFO -- : 0:  railties (3.2.16) from /usr/local/rvm/gems/ruby-2.0.0-p353@wdi-block/specifications/railties-3.2.16.gemspec
I, [2014-01-13T22:07:56.434507 #30692]  INFO -- : 0:  coffee-rails (3.2.2) from /usr/local/rvm/gems/ruby-2.0.0-p353@wdi-block/specifications/coffee-rails-3.2.2.gemspec
I, [2014-01-13T22:07:57.213399 #30692]  INFO -- : 0:  orm_adapter (0.5.0) from /usr/local/rvm/gems/ruby-2.0.0-p353@wdi-block/specifications/orm_adapter-0.5.0.gemspec
I, [2014-01-13T22:07:57.305159 #30692]  INFO -- : 0:  thread_safe (0.1.3) from /usr/local/rvm/gems/ruby-2.0.0-p353@wdi-block/specifications/thread_safe-0.1.3.gemspec
I, [2014-01-13T22:07:57.346014 #30692]  INFO -- : 0:  warden (1.2.3) from /usr/local/rvm/gems/ruby-2.0.0-p353@wdi-block/specifications/warden-1.2.3.gemspec
I, [2014-01-13T22:07:59.123524 #30692]  INFO -- : 0:  devise (3.2.2) from /usr/local/rvm/gems/ruby-2.0.0-p353@wdi-block/specifications/devise-3.2.2.gemspec
I, [2014-01-13T22:07:59.124021 #30692]  INFO -- : 0:  diff-lcs (1.2.5) from /usr/local/rvm/gems/ruby-2.0.0-p353@wdi-block/specifications/diff-lcs-1.2.5.gemspec
I, [2014-01-13T22:07:59.124338 #30692]  INFO -- : 0:  multipart-post (1.2.0) from /usr/local/rvm/gems/ruby-2.0.0-p353@wdi-block/specifications/multipart-post-1.2.0.gemspec
I, [2014-01-13T22:07:59.124642 #30692]  INFO -- : 0:  faraday (0.8.9) from /usr/local/rvm/gems/ruby-2.0.0-p353@wdi-block/specifications/faraday-0.8.9.gemspec
I, [2014-01-13T22:07:59.124943 #30692]  INFO -- : 0:  faraday_middleware (0.9.0) from /usr/local/rvm/gems/ruby-2.0.0-p353@wdi-block/specifications/faraday_middleware-0.9.0.gemspec
I, [2014-01-13T22:07:59.125307 #30692]  INFO -- : 0:  hashie (2.0.5) from /usr/local/rvm/gems/ruby-2.0.0-p353@wdi-block/specifications/hashie-2.0.5.gemspec
I, [2014-01-13T22:07:59.125606 #30692]  INFO -- : 0:  foursquare2 (1.9.8) from /usr/local/rvm/gems/ruby-2.0.0-p353@wdi-block/specifications/foursquare2-1.9.8.gemspec
I, [2014-01-13T22:07:59.125901 #30692]  INFO -- : 0:  multi_xml (0.5.5) from /usr/local/rvm/gems/ruby-2.0.0-p353@wdi-block/specifications/multi_xml-0.5.5.gemspec
I, [2014-01-13T22:07:59.126202 #30692]  INFO -- : 0:  httparty (0.12.0) from /usr/local/rvm/gems/ruby-2.0.0-p353@wdi-block/specifications/httparty-0.12.0.gemspec
I, [2014-01-13T22:07:59.126493 #30692]  INFO -- : 0:  jquery-rails (3.0.4) from /usr/local/rvm/gems/ruby-2.0.0-p353@wdi-block/specifications/jquery-rails-3.0.4.gemspec
I, [2014-01-13T22:07:59.126786 #30692]  INFO -- : 0:  method_source (0.8.2) from /usr/local/rvm/gems/ruby-2.0.0-p353@wdi-block/specifications/method_source-0.8.2.gemspec
I, [2014-01-13T22:07:59.127074 #30692]  INFO -- : 0:  pg (0.17.1) from /usr/local/rvm/gems/ruby-2.0.0-p353@wdi-block/specifications/pg-0.17.1.gemspec
I, [2014-01-13T22:07:59.127364 #30692]  INFO -- : 0:  slop (3.4.7) from /usr/local/rvm/gems/ruby-2.0.0-p353@wdi-block/specifications/slop-3.4.7.gemspec
I, [2014-01-13T22:07:59.127653 #30692]  INFO -- : 0:  pry (0.9.12.4) from /usr/local/rvm/gems/ruby-2.0.0-p353@wdi-block/specifications/pry-0.9.12.4.gemspec
I, [2014-01-13T22:07:59.127952 #30692]  INFO -- : 0:  pry-rails (0.3.2) from /usr/local/rvm/gems/ruby-2.0.0-p353@wdi-block/specifications/pry-rails-0.3.2.gemspec
I, [2014-01-13T22:07:59.128280 #30692]  INFO -- : 0:  rails (3.2.16) from /usr/local/rvm/gems/ruby-2.0.0-p353@wdi-block/specifications/rails-3.2.16.gemspec
I, [2014-01-13T22:07:59.128571 #30692]  INFO -- : 0:  rspec-core (2.14.7) from /usr/local/rvm/gems/ruby-2.0.0-p353@wdi-block/specifications/rspec-core-2.14.7.gemspec
I, [2014-01-13T22:07:59.128983 #30692]  INFO -- : 0:  rspec-expectations (2.14.4) from /usr/local/rvm/gems/ruby-2.0.0-p353@wdi-block/specifications/rspec-expectations-2.14.4.gemspec
I, [2014-01-13T22:07:59.129280 #30692]  INFO -- : 0:  rspec-mocks (2.14.4) from /usr/local/rvm/gems/ruby-2.0.0-p353@wdi-block/specifications/rspec-mocks-2.14.4.gemspec
I, [2014-01-13T22:07:59.129571 #30692]  INFO -- : 0:  rspec (2.14.1) from /usr/local/rvm/gems/ruby-2.0.0-p353@wdi-block/specifications/rspec-2.14.1.gemspec
I, [2014-01-13T22:07:59.129861 #30692]  INFO -- : 0:  rspec-rails (2.14.1) from /usr/local/rvm/gems/ruby-2.0.0-p353@wdi-block/specifications/rspec-rails-2.14.1.gemspec
I, [2014-01-13T22:07:59.130171 #30692]  INFO -- : 0:  sass (3.2.13) from /usr/local/rvm/gems/ruby-2.0.0-p353@wdi-block/specifications/sass-3.2.13.gemspec
I, [2014-01-13T22:07:59.130464 #30692]  INFO -- : 0:  sass-rails (3.2.6) from /usr/local/rvm/gems/ruby-2.0.0-p353@wdi-block/specifications/sass-rails-3.2.6.gemspec
I, [2014-01-13T22:07:59.130764 #30692]  INFO -- : 0:  uglifier (2.4.0) from /usr/local/rvm/gems/ruby-2.0.0-p353@wdi-block/specifications/uglifier-2.4.0.gemspec
